#
# There is insufficient memory for the Java Runtime Environment to continue.
# Native memory allocation (malloc) failed to allocate 2395728 bytes. Error detail: Chunk::new
# Possible reasons:
#   The system is out of physical RAM or swap space
#   This process is running with CompressedOops enabled, and the Java Heap may be blocking the growth of the native heap
# Possible solutions:
#   Reduce memory load on the system
#   Increase physical memory or swap space
#   Check if swap backing store is full
#   Decrease Java heap size (-Xmx/-Xms)
#   Decrease number of Java threads
#   Decrease Java thread stack sizes (-Xss)
#   Set larger code cache with -XX:ReservedCodeCacheSize=
#   JVM is running with Unscaled Compressed Oops mode in which the Java heap is
#     placed in the first 4GB address space. The Java Heap base address is the
#     maximum limit for the native heap growth. Please use -XX:HeapBaseMinAddress
#     to set the Java Heap base and to place the Java Heap above 4GB virtual address.
# This output file may be truncated or incomplete.
#
#  Out of Memory Error (arena.cpp:191), pid=20632, tid=29624
#
# JRE version: OpenJDK Runtime Environment Temurin-17.0.15+6 (17.0.15+6) (build 17.0.15+6)
# Java VM: OpenJDK 64-Bit Server VM Temurin-17.0.15+6 (17.0.15+6, mixed mode, sharing, tiered, compressed oops, compressed class ptrs, g1 gc, windows-amd64)
# No core dump will be written. Minidumps are not enabled by default on client versions of Windows
#

---------------  S U M M A R Y ------------

Command Line: --add-opens=java.base/java.lang=ALL-UNNAMED --add-opens=java.base/java.lang.invoke=ALL-UNNAMED --add-opens=java.base/java.util=ALL-UNNAMED --add-opens=java.prefs/java.util.prefs=ALL-UNNAMED --add-exports=jdk.compiler/com.sun.tools.javac.api=ALL-UNNAMED --add-exports=jdk.compiler/com.sun.tools.javac.util=ALL-UNNAMED --add-opens=java.base/java.util=ALL-UNNAMED --add-opens=java.prefs/java.util.prefs=ALL-UNNAMED --add-opens=java.base/java.nio.charset=ALL-UNNAMED --add-opens=java.base/java.net=ALL-UNNAMED --add-opens=java.base/java.util.concurrent.atomic=ALL-UNNAMED --add-opens=java.xml/javax.xml.namespace=ALL-UNNAMED -Xmx2048m -Dfile.encoding=UTF-8 -Duser.country=US -Duser.language=en -Duser.variant -javaagent:C:\Users\TG\.gradle\wrapper\dists\gradle-8.13-bin\5xuhj0ry160q40clulazy9h7d\gradle-8.13\lib\agents\gradle-instrumentation-agent-8.13.jar org.gradle.launcher.daemon.bootstrap.GradleDaemon 8.13

Host: AMD Ryzen 7 5700U with Radeon Graphics         , 16 cores, 15G,  Windows 11 , 64 bit Build 26100 (10.0.26100.7309)
Time: Sat Dec 20 23:45:27 2025 SE Asia Standard Time elapsed time: 7.161023 seconds (0d 0h 0m 7s)

---------------  T H R E A D  ---------------

Current thread (0x000002bec6026db0):  JavaThread "C2 CompilerThread0" daemon [_thread_in_native, id=29624, stack(0x000000f370f00000,0x000000f371000000)]


Current CompileTask:
C2:   7161 2522   !   4       java.lang.ClassLoader::loadClass (121 bytes)

Stack: [0x000000f370f00000,0x000000f371000000]
Native frames: (J=compiled Java code, j=interpreted, Vv=VM code, C=native code)
V  [jvm.dll+0x682fc9]
V  [jvm.dll+0x839878]
V  [jvm.dll+0x83b323]
V  [jvm.dll+0x83b993]
V  [jvm.dll+0x24725f]
V  [jvm.dll+0xacea4]
V  [jvm.dll+0xad53c]
V  [jvm.dll+0x365c6e]
V  [jvm.dll+0x1baac9]
V  [jvm.dll+0x2183a7]
V  [jvm.dll+0x21768f]
V  [jvm.dll+0x1a31b0]
V  [jvm.dll+0x227a9c]
V  [jvm.dll+0x225bfb]
V  [jvm.dll+0x7ef018]
V  [jvm.dll+0x7e94dc]
V  [jvm.dll+0x681ea7]
C  [ucrtbase.dll+0x37b0]
C  [KERNEL32.DLL+0x2e8d7]
C  [ntdll.dll+0x8c53c]


---------------  P R O C E S S  ---------------

Threads class SMR info:
_java_thread_list=0x000002bf0e352f90, length=26, elements={
0x000002bea7cc6a70, 0x000002bec6014e30, 0x000002bec6017710, 0x000002bec6022630,
0x000002bec6023000, 0x000002bec60258e0, 0x000002bec60261b0, 0x000002bec6026db0,
0x000002bec6027a90, 0x000002bec60283a0, 0x000002bf08080490, 0x000002bf082c3ae0,
0x000002bf08369860, 0x000002bf0e37e8a0, 0x000002bf0e2d9870, 0x000002bf0e351030,
0x000002bf0e3a2a00, 0x000002bf0e4f09e0, 0x000002bf0e4ee670, 0x000002bf0e4f04d0,
0x000002bf0e4ef5a0, 0x000002bf0e4eeb80, 0x000002bf0e4f1e20, 0x000002bf0e4efab0,
0x000002bf0e4f0ef0, 0x000002bf0e4f1400
}

Java Threads: ( => current thread )
  0x000002bea7cc6a70 JavaThread "main" [_thread_blocked, id=29584, stack(0x000000f370200000,0x000000f370300000)]
  0x000002bec6014e30 JavaThread "Reference Handler" daemon [_thread_blocked, id=29560, stack(0x000000f370900000,0x000000f370a00000)]
  0x000002bec6017710 JavaThread "Finalizer" daemon [_thread_blocked, id=29556, stack(0x000000f370a00000,0x000000f370b00000)]
  0x000002bec6022630 JavaThread "Signal Dispatcher" daemon [_thread_blocked, id=29540, stack(0x000000f370b00000,0x000000f370c00000)]
  0x000002bec6023000 JavaThread "Attach Listener" daemon [_thread_blocked, id=29516, stack(0x000000f370c00000,0x000000f370d00000)]
  0x000002bec60258e0 JavaThread "Service Thread" daemon [_thread_blocked, id=29532, stack(0x000000f370d00000,0x000000f370e00000)]
  0x000002bec60261b0 JavaThread "Monitor Deflation Thread" daemon [_thread_blocked, id=29628, stack(0x000000f370e00000,0x000000f370f00000)]
=>0x000002bec6026db0 JavaThread "C2 CompilerThread0" daemon [_thread_in_native, id=29624, stack(0x000000f370f00000,0x000000f371000000)]
  0x000002bec6027a90 JavaThread "C1 CompilerThread0" daemon [_thread_blocked, id=29620, stack(0x000000f371000000,0x000000f371100000)]
  0x000002bec60283a0 JavaThread "Sweeper thread" daemon [_thread_blocked, id=29648, stack(0x000000f371100000,0x000000f371200000)]
  0x000002bf08080490 JavaThread "Common-Cleaner" daemon [_thread_blocked, id=29644, stack(0x000000f371200000,0x000000f371300000)]
  0x000002bf082c3ae0 JavaThread "Notification Thread" daemon [_thread_blocked, id=28076, stack(0x000000f371700000,0x000000f371800000)]
  0x000002bf08369860 JavaThread "Daemon health stats" [_thread_blocked, id=24308, stack(0x000000f371e00000,0x000000f371f00000)]
  0x000002bf0e37e8a0 JavaThread "Incoming local TCP Connector on port 58086" [_thread_in_native, id=19552, stack(0x000000f371600000,0x000000f371700000)]
  0x000002bf0e2d9870 JavaThread "Daemon periodic checks" [_thread_blocked, id=28412, stack(0x000000f371f00000,0x000000f372000000)]
  0x000002bf0e351030 JavaThread "Daemon" [_thread_blocked, id=28408, stack(0x000000f372000000,0x000000f372100000)]
  0x000002bf0e3a2a00 JavaThread "Handler for socket connection from /127.0.0.1:58086 to /127.0.0.1:58090" [_thread_in_native, id=29260, stack(0x000000f372100000,0x000000f372200000)]
  0x000002bf0e4f09e0 JavaThread "Cancel handler" [_thread_blocked, id=11964, stack(0x000000f372200000,0x000000f372300000)]
  0x000002bf0e4ee670 JavaThread "Daemon worker" [_thread_in_native, id=27956, stack(0x000000f372300000,0x000000f372400000)]
  0x000002bf0e4f04d0 JavaThread "Asynchronous log dispatcher for DefaultDaemonConnection: socket connection from /127.0.0.1:58086 to /127.0.0.1:58090" [_thread_blocked, id=5096, stack(0x000000f372400000,0x000000f372500000)]
  0x000002bf0e4ef5a0 JavaThread "Stdin handler" [_thread_blocked, id=1964, stack(0x000000f372500000,0x000000f372600000)]
  0x000002bf0e4eeb80 JavaThread "Daemon client event forwarder" [_thread_blocked, id=29204, stack(0x000000f372600000,0x000000f372700000)]
  0x000002bf0e4f1e20 JavaThread "Cache worker for journal cache (C:\Users\TG\.gradle\caches\journal-1)" [_thread_blocked, id=14932, stack(0x000000f372700000,0x000000f372800000)]
  0x000002bf0e4efab0 JavaThread "File lock request listener" [_thread_in_native, id=24464, stack(0x000000f372800000,0x000000f372900000)]
  0x000002bf0e4f0ef0 JavaThread "Cache worker for file hash cache (C:\Users\TG\.gradle\caches\8.13\fileHashes)" [_thread_blocked, id=29444, stack(0x000000f372900000,0x000000f372a00000)]
  0x000002bf0e4f1400 JavaThread "File lock release action executor" [_thread_blocked, id=28788, stack(0x000000f371300000,0x000000f371400000)]

Other Threads:
  0x000002bf08081b10 VMThread "VM Thread" [stack: 0x000000f370800000,0x000000f370900000] [id=29564]
  0x000002bea7cc78f0 WatcherThread [stack: 0x000000f371800000,0x000000f371900000] [id=29688]
  0x000002bea7d22440 GCTaskThread "GC Thread#0" [stack: 0x000000f370300000,0x000000f370400000] [id=29576]
  0x000002bf0833d5e0 GCTaskThread "GC Thread#1" [stack: 0x000000f371a00000,0x000000f371b00000] [id=15028]
  0x000002bf086845e0 GCTaskThread "GC Thread#2" [stack: 0x000000f371b00000,0x000000f371c00000] [id=9780]
  0x000002bf089064f0 GCTaskThread "GC Thread#3" [stack: 0x000000f371c00000,0x000000f371d00000] [id=23972]
  0x000002bf089067b0 GCTaskThread "GC Thread#4" [stack: 0x000000f371d00000,0x000000f371e00000] [id=7920]
  0x000002bf0d347cd0 GCTaskThread "GC Thread#5" [stack: 0x000000f371900000,0x000000f371a00000] [id=29176]
  0x000002bea7d334f0 ConcurrentGCThread "G1 Main Marker" [stack: 0x000000f370400000,0x000000f370500000] [id=29572]
  0x000002bea7d35930 ConcurrentGCThread "G1 Conc#0" [stack: 0x000000f370500000,0x000000f370600000] [id=29568]
  0x000002bec5f32940 ConcurrentGCThread "G1 Refine#0" [stack: 0x000000f370600000,0x000000f370700000] [id=29580]
  0x000002bec5f35140 ConcurrentGCThread "G1 Service" [stack: 0x000000f370700000,0x000000f370800000] [id=29536]

Threads with active compile tasks:
C2 CompilerThread0     7236 2522   !   4       java.lang.ClassLoader::loadClass (121 bytes)

VM state: not at safepoint (normal execution)

VM Mutex/Monitor currently owned by a thread: None

Heap address: 0x0000000080000000, size: 2048 MB, Compressed Oops mode: 32-bit

CDS archive(s) mapped at: [0x000002bec7000000-0x000002bec7bb0000-0x000002bec7bb0000), size 12255232, SharedBaseAddress: 0x000002bec7000000, ArchiveRelocationMode: 1.
Compressed class space mapped at: 0x000002bec8000000-0x000002bf08000000, reserved size: 1073741824
Narrow klass base: 0x000002bec7000000, Narrow klass shift: 0, Narrow klass range: 0x100000000

GC Precious Log:
 CPUs: 16 total, 16 available
 Memory: 15733M
 Large Page Support: Disabled
 NUMA Support: Disabled
 Compressed Oops: Enabled (32-bit)
 Heap Region Size: 1M
 Heap Min Capacity: 8M
 Heap Initial Capacity: 246M
 Heap Max Capacity: 2G
 Pre-touch: Disabled
 Parallel Workers: 13
 Concurrent Workers: 3
 Concurrent Refinement Workers: 13
 Periodic GC: Disabled

Heap:
 garbage-first heap   total 251904K, used 72720K [0x0000000080000000, 0x0000000100000000)
  region size 1024K, 61 young (62464K), 5 survivors (5120K)
 Metaspace       used 15617K, committed 15872K, reserved 1114112K
  class space    used 2136K, committed 2240K, reserved 1048576K

Heap Regions: E=young(eden), S=young(survivor), O=old, HS=humongous(starts), HC=humongous(continues), CS=collection set, F=free, OA=open archive, CA=closed archive, TAMS=top-at-mark-start (previous, next)
|   0|0x0000000080000000, 0x0000000080100000, 0x0000000080100000|100%|HS|  |TAMS 0x0000000080000000, 0x0000000080000000| Complete 
|   1|0x0000000080100000, 0x0000000080200000, 0x0000000080200000|100%|HC|  |TAMS 0x0000000080100000, 0x0000000080100000| Complete 
|   2|0x0000000080200000, 0x0000000080300000, 0x0000000080300000|100%|HC|  |TAMS 0x0000000080200000, 0x0000000080200000| Complete 
|   3|0x0000000080300000, 0x0000000080400000, 0x0000000080400000|100%| O|  |TAMS 0x0000000080300000, 0x0000000080300000| Untracked 
|   4|0x0000000080400000, 0x0000000080500000, 0x0000000080500000|100%| O|  |TAMS 0x0000000080400000, 0x0000000080400000| Untracked 
|   5|0x0000000080500000, 0x0000000080600000, 0x0000000080600000|100%| O|  |TAMS 0x0000000080500000, 0x0000000080500000| Untracked 
|   6|0x0000000080600000, 0x0000000080700000, 0x0000000080700000|100%|HS|  |TAMS 0x0000000080600000, 0x0000000080600000| Complete 
|   7|0x0000000080700000, 0x0000000080700000, 0x0000000080800000|  0%| F|  |TAMS 0x0000000080700000, 0x0000000080700000| Untracked 
|   8|0x0000000080800000, 0x0000000080900000, 0x0000000080900000|100%| O|  |TAMS 0x0000000080800000, 0x0000000080800000| Untracked 
|   9|0x0000000080900000, 0x0000000080a00000, 0x0000000080a00000|100%| O|  |TAMS 0x0000000080900000, 0x0000000080900000| Untracked 
|  10|0x0000000080a00000, 0x0000000080b00000, 0x0000000080b00000|100%| O|  |TAMS 0x0000000080a00000, 0x0000000080a00000| Untracked 
|  11|0x0000000080b00000, 0x0000000080c00000, 0x0000000080c00000|100%| O|  |TAMS 0x0000000080b00000, 0x0000000080b00000| Untracked 
|  12|0x0000000080c00000, 0x0000000080c86c00, 0x0000000080d00000| 52%| O|  |TAMS 0x0000000080c00000, 0x0000000080c00000| Untracked 
|  13|0x0000000080d00000, 0x0000000080d00000, 0x0000000080e00000|  0%| F|  |TAMS 0x0000000080d00000, 0x0000000080d00000| Untracked 
|  14|0x0000000080e00000, 0x0000000080e00000, 0x0000000080f00000|  0%| F|  |TAMS 0x0000000080e00000, 0x0000000080e00000| Untracked 
|  15|0x0000000080f00000, 0x0000000080f00000, 0x0000000081000000|  0%| F|  |TAMS 0x0000000080f00000, 0x0000000080f00000| Untracked 
|  16|0x0000000081000000, 0x0000000081000000, 0x0000000081100000|  0%| F|  |TAMS 0x0000000081000000, 0x0000000081000000| Untracked 
|  17|0x0000000081100000, 0x0000000081100000, 0x0000000081200000|  0%| F|  |TAMS 0x0000000081100000, 0x0000000081100000| Untracked 
|  18|0x0000000081200000, 0x0000000081200000, 0x0000000081300000|  0%| F|  |TAMS 0x0000000081200000, 0x0000000081200000| Untracked 
|  19|0x0000000081300000, 0x0000000081300000, 0x0000000081400000|  0%| F|  |TAMS 0x0000000081300000, 0x0000000081300000| Untracked 
|  20|0x0000000081400000, 0x0000000081400000, 0x0000000081500000|  0%| F|  |TAMS 0x0000000081400000, 0x0000000081400000| Untracked 
|  21|0x0000000081500000, 0x0000000081500000, 0x0000000081600000|  0%| F|  |TAMS 0x0000000081500000, 0x0000000081500000| Untracked 
|  22|0x0000000081600000, 0x0000000081600000, 0x0000000081700000|  0%| F|  |TAMS 0x0000000081600000, 0x0000000081600000| Untracked 
|  23|0x0000000081700000, 0x0000000081700000, 0x0000000081800000|  0%| F|  |TAMS 0x0000000081700000, 0x0000000081700000| Untracked 
|  24|0x0000000081800000, 0x0000000081800000, 0x0000000081900000|  0%| F|  |TAMS 0x0000000081800000, 0x0000000081800000| Untracked 
|  25|0x0000000081900000, 0x0000000081900000, 0x0000000081a00000|  0%| F|  |TAMS 0x0000000081900000, 0x0000000081900000| Untracked 
|  26|0x0000000081a00000, 0x0000000081a00000, 0x0000000081b00000|  0%| F|  |TAMS 0x0000000081a00000, 0x0000000081a00000| Untracked 
|  27|0x0000000081b00000, 0x0000000081b00000, 0x0000000081c00000|  0%| F|  |TAMS 0x0000000081b00000, 0x0000000081b00000| Untracked 
|  28|0x0000000081c00000, 0x0000000081c00000, 0x0000000081d00000|  0%| F|  |TAMS 0x0000000081c00000, 0x0000000081c00000| Untracked 
|  29|0x0000000081d00000, 0x0000000081d00000, 0x0000000081e00000|  0%| F|  |TAMS 0x0000000081d00000, 0x0000000081d00000| Untracked 
|  30|0x0000000081e00000, 0x0000000081e00000, 0x0000000081f00000|  0%| F|  |TAMS 0x0000000081e00000, 0x0000000081e00000| Untracked 
|  31|0x0000000081f00000, 0x0000000081f00000, 0x0000000082000000|  0%| F|  |TAMS 0x0000000081f00000, 0x0000000081f00000| Untracked 
|  32|0x0000000082000000, 0x0000000082000000, 0x0000000082100000|  0%| F|  |TAMS 0x0000000082000000, 0x0000000082000000| Untracked 
|  33|0x0000000082100000, 0x0000000082100000, 0x0000000082200000|  0%| F|  |TAMS 0x0000000082100000, 0x0000000082100000| Untracked 
|  34|0x0000000082200000, 0x0000000082200000, 0x0000000082300000|  0%| F|  |TAMS 0x0000000082200000, 0x0000000082200000| Untracked 
|  35|0x0000000082300000, 0x0000000082300000, 0x0000000082400000|  0%| F|  |TAMS 0x0000000082300000, 0x0000000082300000| Untracked 
|  36|0x0000000082400000, 0x0000000082400000, 0x0000000082500000|  0%| F|  |TAMS 0x0000000082400000, 0x0000000082400000| Untracked 
|  37|0x0000000082500000, 0x0000000082500000, 0x0000000082600000|  0%| F|  |TAMS 0x0000000082500000, 0x0000000082500000| Untracked 
|  38|0x0000000082600000, 0x0000000082600000, 0x0000000082700000|  0%| F|  |TAMS 0x0000000082600000, 0x0000000082600000| Untracked 
|  39|0x0000000082700000, 0x0000000082700000, 0x0000000082800000|  0%| F|  |TAMS 0x0000000082700000, 0x0000000082700000| Untracked 
|  40|0x0000000082800000, 0x0000000082800000, 0x0000000082900000|  0%| F|  |TAMS 0x0000000082800000, 0x0000000082800000| Untracked 
|  41|0x0000000082900000, 0x0000000082900000, 0x0000000082a00000|  0%| F|  |TAMS 0x0000000082900000, 0x0000000082900000| Untracked 
|  42|0x0000000082a00000, 0x0000000082a00000, 0x0000000082b00000|  0%| F|  |TAMS 0x0000000082a00000, 0x0000000082a00000| Untracked 
|  43|0x0000000082b00000, 0x0000000082b00000, 0x0000000082c00000|  0%| F|  |TAMS 0x0000000082b00000, 0x0000000082b00000| Untracked 
|  44|0x0000000082c00000, 0x0000000082c00000, 0x0000000082d00000|  0%| F|  |TAMS 0x0000000082c00000, 0x0000000082c00000| Untracked 
|  45|0x0000000082d00000, 0x0000000082d00000, 0x0000000082e00000|  0%| F|  |TAMS 0x0000000082d00000, 0x0000000082d00000| Untracked 
|  46|0x0000000082e00000, 0x0000000082e00000, 0x0000000082f00000|  0%| F|  |TAMS 0x0000000082e00000, 0x0000000082e00000| Untracked 
|  47|0x0000000082f00000, 0x0000000082f00000, 0x0000000083000000|  0%| F|  |TAMS 0x0000000082f00000, 0x0000000082f00000| Untracked 
|  48|0x0000000083000000, 0x0000000083000000, 0x0000000083100000|  0%| F|  |TAMS 0x0000000083000000, 0x0000000083000000| Untracked 
|  49|0x0000000083100000, 0x0000000083100000, 0x0000000083200000|  0%| F|  |TAMS 0x0000000083100000, 0x0000000083100000| Untracked 
|  50|0x0000000083200000, 0x0000000083200000, 0x0000000083300000|  0%| F|  |TAMS 0x0000000083200000, 0x0000000083200000| Untracked 
|  51|0x0000000083300000, 0x0000000083300000, 0x0000000083400000|  0%| F|  |TAMS 0x0000000083300000, 0x0000000083300000| Untracked 
|  52|0x0000000083400000, 0x0000000083400000, 0x0000000083500000|  0%| F|  |TAMS 0x0000000083400000, 0x0000000083400000| Untracked 
|  53|0x0000000083500000, 0x0000000083500000, 0x0000000083600000|  0%| F|  |TAMS 0x0000000083500000, 0x0000000083500000| Untracked 
|  54|0x0000000083600000, 0x0000000083600000, 0x0000000083700000|  0%| F|  |TAMS 0x0000000083600000, 0x0000000083600000| Untracked 
|  55|0x0000000083700000, 0x0000000083700000, 0x0000000083800000|  0%| F|  |TAMS 0x0000000083700000, 0x0000000083700000| Untracked 
|  56|0x0000000083800000, 0x0000000083800000, 0x0000000083900000|  0%| F|  |TAMS 0x0000000083800000, 0x0000000083800000| Untracked 
|  57|0x0000000083900000, 0x0000000083900000, 0x0000000083a00000|  0%| F|  |TAMS 0x0000000083900000, 0x0000000083900000| Untracked 
|  58|0x0000000083a00000, 0x0000000083a00000, 0x0000000083b00000|  0%| F|  |TAMS 0x0000000083a00000, 0x0000000083a00000| Untracked 
|  59|0x0000000083b00000, 0x0000000083b00000, 0x0000000083c00000|  0%| F|  |TAMS 0x0000000083b00000, 0x0000000083b00000| Untracked 
|  60|0x0000000083c00000, 0x0000000083c00000, 0x0000000083d00000|  0%| F|  |TAMS 0x0000000083c00000, 0x0000000083c00000| Untracked 
|  61|0x0000000083d00000, 0x0000000083d00000, 0x0000000083e00000|  0%| F|  |TAMS 0x0000000083d00000, 0x0000000083d00000| Untracked 
|  62|0x0000000083e00000, 0x0000000083e00000, 0x0000000083f00000|  0%| F|  |TAMS 0x0000000083e00000, 0x0000000083e00000| Untracked 
|  63|0x0000000083f00000, 0x0000000083f00000, 0x0000000084000000|  0%| F|  |TAMS 0x0000000083f00000, 0x0000000083f00000| Untracked 
|  64|0x0000000084000000, 0x0000000084000000, 0x0000000084100000|  0%| F|  |TAMS 0x0000000084000000, 0x0000000084000000| Untracked 
|  65|0x0000000084100000, 0x0000000084100000, 0x0000000084200000|  0%| F|  |TAMS 0x0000000084100000, 0x0000000084100000| Untracked 
|  66|0x0000000084200000, 0x0000000084200000, 0x0000000084300000|  0%| F|  |TAMS 0x0000000084200000, 0x0000000084200000| Untracked 
|  67|0x0000000084300000, 0x0000000084300000, 0x0000000084400000|  0%| F|  |TAMS 0x0000000084300000, 0x0000000084300000| Untracked 
|  68|0x0000000084400000, 0x0000000084400000, 0x0000000084500000|  0%| F|  |TAMS 0x0000000084400000, 0x0000000084400000| Untracked 
|  69|0x0000000084500000, 0x0000000084500000, 0x0000000084600000|  0%| F|  |TAMS 0x0000000084500000, 0x0000000084500000| Untracked 
|  70|0x0000000084600000, 0x0000000084600000, 0x0000000084700000|  0%| F|  |TAMS 0x0000000084600000, 0x0000000084600000| Untracked 
|  71|0x0000000084700000, 0x0000000084700000, 0x0000000084800000|  0%| F|  |TAMS 0x0000000084700000, 0x0000000084700000| Untracked 
|  72|0x0000000084800000, 0x0000000084800000, 0x0000000084900000|  0%| F|  |TAMS 0x0000000084800000, 0x0000000084800000| Untracked 
|  73|0x0000000084900000, 0x0000000084900000, 0x0000000084a00000|  0%| F|  |TAMS 0x0000000084900000, 0x0000000084900000| Untracked 
|  74|0x0000000084a00000, 0x0000000084a00000, 0x0000000084b00000|  0%| F|  |TAMS 0x0000000084a00000, 0x0000000084a00000| Untracked 
|  75|0x0000000084b00000, 0x0000000084b00000, 0x0000000084c00000|  0%| F|  |TAMS 0x0000000084b00000, 0x0000000084b00000| Untracked 
|  76|0x0000000084c00000, 0x0000000084c00000, 0x0000000084d00000|  0%| F|  |TAMS 0x0000000084c00000, 0x0000000084c00000| Untracked 
|  77|0x0000000084d00000, 0x0000000084d00000, 0x0000000084e00000|  0%| F|  |TAMS 0x0000000084d00000, 0x0000000084d00000| Untracked 
|  78|0x0000000084e00000, 0x0000000084e00000, 0x0000000084f00000|  0%| F|  |TAMS 0x0000000084e00000, 0x0000000084e00000| Untracked 
|  79|0x0000000084f00000, 0x0000000084f00000, 0x0000000085000000|  0%| F|  |TAMS 0x0000000084f00000, 0x0000000084f00000| Untracked 
|  80|0x0000000085000000, 0x0000000085000000, 0x0000000085100000|  0%| F|  |TAMS 0x0000000085000000, 0x0000000085000000| Untracked 
|  81|0x0000000085100000, 0x0000000085100000, 0x0000000085200000|  0%| F|  |TAMS 0x0000000085100000, 0x0000000085100000| Untracked 
|  82|0x0000000085200000, 0x0000000085200000, 0x0000000085300000|  0%| F|  |TAMS 0x0000000085200000, 0x0000000085200000| Untracked 
|  83|0x0000000085300000, 0x0000000085300000, 0x0000000085400000|  0%| F|  |TAMS 0x0000000085300000, 0x0000000085300000| Untracked 
|  84|0x0000000085400000, 0x0000000085400000, 0x0000000085500000|  0%| F|  |TAMS 0x0000000085400000, 0x0000000085400000| Untracked 
|  85|0x0000000085500000, 0x0000000085500000, 0x0000000085600000|  0%| F|  |TAMS 0x0000000085500000, 0x0000000085500000| Untracked 
|  86|0x0000000085600000, 0x0000000085600000, 0x0000000085700000|  0%| F|  |TAMS 0x0000000085600000, 0x0000000085600000| Untracked 
|  87|0x0000000085700000, 0x0000000085700000, 0x0000000085800000|  0%| F|  |TAMS 0x0000000085700000, 0x0000000085700000| Untracked 
|  88|0x0000000085800000, 0x0000000085800000, 0x0000000085900000|  0%| F|  |TAMS 0x0000000085800000, 0x0000000085800000| Untracked 
|  89|0x0000000085900000, 0x0000000085900000, 0x0000000085a00000|  0%| F|  |TAMS 0x0000000085900000, 0x0000000085900000| Untracked 
|  90|0x0000000085a00000, 0x0000000085a00000, 0x0000000085b00000|  0%| F|  |TAMS 0x0000000085a00000, 0x0000000085a00000| Untracked 
|  91|0x0000000085b00000, 0x0000000085b00000, 0x0000000085c00000|  0%| F|  |TAMS 0x0000000085b00000, 0x0000000085b00000| Untracked 
|  92|0x0000000085c00000, 0x0000000085c00000, 0x0000000085d00000|  0%| F|  |TAMS 0x0000000085c00000, 0x0000000085c00000| Untracked 
|  93|0x0000000085d00000, 0x0000000085d00000, 0x0000000085e00000|  0%| F|  |TAMS 0x0000000085d00000, 0x0000000085d00000| Untracked 
|  94|0x0000000085e00000, 0x0000000085e00000, 0x0000000085f00000|  0%| F|  |TAMS 0x0000000085e00000, 0x0000000085e00000| Untracked 
|  95|0x0000000085f00000, 0x0000000085f00000, 0x0000000086000000|  0%| F|  |TAMS 0x0000000085f00000, 0x0000000085f00000| Untracked 
|  96|0x0000000086000000, 0x0000000086000000, 0x0000000086100000|  0%| F|  |TAMS 0x0000000086000000, 0x0000000086000000| Untracked 
|  97|0x0000000086100000, 0x0000000086100000, 0x0000000086200000|  0%| F|  |TAMS 0x0000000086100000, 0x0000000086100000| Untracked 
|  98|0x0000000086200000, 0x0000000086200000, 0x0000000086300000|  0%| F|  |TAMS 0x0000000086200000, 0x0000000086200000| Untracked 
|  99|0x0000000086300000, 0x0000000086300000, 0x0000000086400000|  0%| F|  |TAMS 0x0000000086300000, 0x0000000086300000| Untracked 
| 100|0x0000000086400000, 0x0000000086400000, 0x0000000086500000|  0%| F|  |TAMS 0x0000000086400000, 0x0000000086400000| Untracked 
| 101|0x0000000086500000, 0x0000000086500000, 0x0000000086600000|  0%| F|  |TAMS 0x0000000086500000, 0x0000000086500000| Untracked 
| 102|0x0000000086600000, 0x0000000086600000, 0x0000000086700000|  0%| F|  |TAMS 0x0000000086600000, 0x0000000086600000| Untracked 
| 103|0x0000000086700000, 0x0000000086700000, 0x0000000086800000|  0%| F|  |TAMS 0x0000000086700000, 0x0000000086700000| Untracked 
| 104|0x0000000086800000, 0x0000000086800000, 0x0000000086900000|  0%| F|  |TAMS 0x0000000086800000, 0x0000000086800000| Untracked 
| 105|0x0000000086900000, 0x0000000086900000, 0x0000000086a00000|  0%| F|  |TAMS 0x0000000086900000, 0x0000000086900000| Untracked 
| 106|0x0000000086a00000, 0x0000000086a00000, 0x0000000086b00000|  0%| F|  |TAMS 0x0000000086a00000, 0x0000000086a00000| Untracked 
| 107|0x0000000086b00000, 0x0000000086b00000, 0x0000000086c00000|  0%| F|  |TAMS 0x0000000086b00000, 0x0000000086b00000| Untracked 
| 108|0x0000000086c00000, 0x0000000086c00000, 0x0000000086d00000|  0%| F|  |TAMS 0x0000000086c00000, 0x0000000086c00000| Untracked 
| 109|0x0000000086d00000, 0x0000000086d00000, 0x0000000086e00000|  0%| F|  |TAMS 0x0000000086d00000, 0x0000000086d00000| Untracked 
| 110|0x0000000086e00000, 0x0000000086e00000, 0x0000000086f00000|  0%| F|  |TAMS 0x0000000086e00000, 0x0000000086e00000| Untracked 
| 111|0x0000000086f00000, 0x0000000086f00000, 0x0000000087000000|  0%| F|  |TAMS 0x0000000086f00000, 0x0000000086f00000| Untracked 
| 112|0x0000000087000000, 0x0000000087000000, 0x0000000087100000|  0%| F|  |TAMS 0x0000000087000000, 0x0000000087000000| Untracked 
| 113|0x0000000087100000, 0x0000000087100000, 0x0000000087200000|  0%| F|  |TAMS 0x0000000087100000, 0x0000000087100000| Untracked 
| 114|0x0000000087200000, 0x0000000087200000, 0x0000000087300000|  0%| F|  |TAMS 0x0000000087200000, 0x0000000087200000| Untracked 
| 115|0x0000000087300000, 0x0000000087300000, 0x0000000087400000|  0%| F|  |TAMS 0x0000000087300000, 0x0000000087300000| Untracked 
| 116|0x0000000087400000, 0x0000000087400000, 0x0000000087500000|  0%| F|  |TAMS 0x0000000087400000, 0x0000000087400000| Untracked 
| 117|0x0000000087500000, 0x0000000087500000, 0x0000000087600000|  0%| F|  |TAMS 0x0000000087500000, 0x0000000087500000| Untracked 
| 118|0x0000000087600000, 0x0000000087600000, 0x0000000087700000|  0%| F|  |TAMS 0x0000000087600000, 0x0000000087600000| Untracked 
| 119|0x0000000087700000, 0x0000000087700000, 0x0000000087800000|  0%| F|  |TAMS 0x0000000087700000, 0x0000000087700000| Untracked 
| 120|0x0000000087800000, 0x0000000087800000, 0x0000000087900000|  0%| F|  |TAMS 0x0000000087800000, 0x0000000087800000| Untracked 
| 121|0x0000000087900000, 0x0000000087900000, 0x0000000087a00000|  0%| F|  |TAMS 0x0000000087900000, 0x0000000087900000| Untracked 
| 122|0x0000000087a00000, 0x0000000087a00000, 0x0000000087b00000|  0%| F|  |TAMS 0x0000000087a00000, 0x0000000087a00000| Untracked 
| 123|0x0000000087b00000, 0x0000000087b00000, 0x0000000087c00000|  0%| F|  |TAMS 0x0000000087b00000, 0x0000000087b00000| Untracked 
| 124|0x0000000087c00000, 0x0000000087c00000, 0x0000000087d00000|  0%| F|  |TAMS 0x0000000087c00000, 0x0000000087c00000| Untracked 
| 125|0x0000000087d00000, 0x0000000087d00000, 0x0000000087e00000|  0%| F|  |TAMS 0x0000000087d00000, 0x0000000087d00000| Untracked 
| 126|0x0000000087e00000, 0x0000000087e00000, 0x0000000087f00000|  0%| F|  |TAMS 0x0000000087e00000, 0x0000000087e00000| Untracked 
| 127|0x0000000087f00000, 0x0000000087f00000, 0x0000000088000000|  0%| F|  |TAMS 0x0000000087f00000, 0x0000000087f00000| Untracked 
| 128|0x0000000088000000, 0x0000000088000000, 0x0000000088100000|  0%| F|  |TAMS 0x0000000088000000, 0x0000000088000000| Untracked 
| 129|0x0000000088100000, 0x0000000088100000, 0x0000000088200000|  0%| F|  |TAMS 0x0000000088100000, 0x0000000088100000| Untracked 
| 130|0x0000000088200000, 0x0000000088200000, 0x0000000088300000|  0%| F|  |TAMS 0x0000000088200000, 0x0000000088200000| Untracked 
| 131|0x0000000088300000, 0x0000000088300000, 0x0000000088400000|  0%| F|  |TAMS 0x0000000088300000, 0x0000000088300000| Untracked 
| 132|0x0000000088400000, 0x0000000088400000, 0x0000000088500000|  0%| F|  |TAMS 0x0000000088400000, 0x0000000088400000| Untracked 
| 133|0x0000000088500000, 0x0000000088500000, 0x0000000088600000|  0%| F|  |TAMS 0x0000000088500000, 0x0000000088500000| Untracked 
| 134|0x0000000088600000, 0x0000000088600000, 0x0000000088700000|  0%| F|  |TAMS 0x0000000088600000, 0x0000000088600000| Untracked 
| 135|0x0000000088700000, 0x0000000088700000, 0x0000000088800000|  0%| F|  |TAMS 0x0000000088700000, 0x0000000088700000| Untracked 
| 136|0x0000000088800000, 0x0000000088800000, 0x0000000088900000|  0%| F|  |TAMS 0x0000000088800000, 0x0000000088800000| Untracked 
| 137|0x0000000088900000, 0x0000000088900000, 0x0000000088a00000|  0%| F|  |TAMS 0x0000000088900000, 0x0000000088900000| Untracked 
| 138|0x0000000088a00000, 0x0000000088a00000, 0x0000000088b00000|  0%| F|  |TAMS 0x0000000088a00000, 0x0000000088a00000| Untracked 
| 139|0x0000000088b00000, 0x0000000088b00000, 0x0000000088c00000|  0%| F|  |TAMS 0x0000000088b00000, 0x0000000088b00000| Untracked 
| 140|0x0000000088c00000, 0x0000000088c00000, 0x0000000088d00000|  0%| F|  |TAMS 0x0000000088c00000, 0x0000000088c00000| Untracked 
| 141|0x0000000088d00000, 0x0000000088d00000, 0x0000000088e00000|  0%| F|  |TAMS 0x0000000088d00000, 0x0000000088d00000| Untracked 
| 142|0x0000000088e00000, 0x0000000088e00000, 0x0000000088f00000|  0%| F|  |TAMS 0x0000000088e00000, 0x0000000088e00000| Untracked 
| 143|0x0000000088f00000, 0x0000000088f00000, 0x0000000089000000|  0%| F|  |TAMS 0x0000000088f00000, 0x0000000088f00000| Untracked 
| 144|0x0000000089000000, 0x0000000089000000, 0x0000000089100000|  0%| F|  |TAMS 0x0000000089000000, 0x0000000089000000| Untracked 
| 145|0x0000000089100000, 0x0000000089100000, 0x0000000089200000|  0%| F|  |TAMS 0x0000000089100000, 0x0000000089100000| Untracked 
| 146|0x0000000089200000, 0x0000000089200000, 0x0000000089300000|  0%| F|  |TAMS 0x0000000089200000, 0x0000000089200000| Untracked 
| 147|0x0000000089300000, 0x0000000089300000, 0x0000000089400000|  0%| F|  |TAMS 0x0000000089300000, 0x0000000089300000| Untracked 
| 148|0x0000000089400000, 0x0000000089400000, 0x0000000089500000|  0%| F|  |TAMS 0x0000000089400000, 0x0000000089400000| Untracked 
| 149|0x0000000089500000, 0x0000000089500000, 0x0000000089600000|  0%| F|  |TAMS 0x0000000089500000, 0x0000000089500000| Untracked 
| 150|0x0000000089600000, 0x0000000089600000, 0x0000000089700000|  0%| F|  |TAMS 0x0000000089600000, 0x0000000089600000| Untracked 
| 151|0x0000000089700000, 0x0000000089700000, 0x0000000089800000|  0%| F|  |TAMS 0x0000000089700000, 0x0000000089700000| Untracked 
| 152|0x0000000089800000, 0x0000000089800000, 0x0000000089900000|  0%| F|  |TAMS 0x0000000089800000, 0x0000000089800000| Untracked 
| 153|0x0000000089900000, 0x0000000089900000, 0x0000000089a00000|  0%| F|  |TAMS 0x0000000089900000, 0x0000000089900000| Untracked 
| 154|0x0000000089a00000, 0x0000000089a00000, 0x0000000089b00000|  0%| F|  |TAMS 0x0000000089a00000, 0x0000000089a00000| Untracked 
| 155|0x0000000089b00000, 0x0000000089b00000, 0x0000000089c00000|  0%| F|  |TAMS 0x0000000089b00000, 0x0000000089b00000| Untracked 
| 156|0x0000000089c00000, 0x0000000089c00000, 0x0000000089d00000|  0%| F|  |TAMS 0x0000000089c00000, 0x0000000089c00000| Untracked 
| 157|0x0000000089d00000, 0x0000000089d00000, 0x0000000089e00000|  0%| F|  |TAMS 0x0000000089d00000, 0x0000000089d00000| Untracked 
| 158|0x0000000089e00000, 0x0000000089e00000, 0x0000000089f00000|  0%| F|  |TAMS 0x0000000089e00000, 0x0000000089e00000| Untracked 
| 159|0x0000000089f00000, 0x0000000089f00000, 0x000000008a000000|  0%| F|  |TAMS 0x0000000089f00000, 0x0000000089f00000| Untracked 
| 160|0x000000008a000000, 0x000000008a000000, 0x000000008a100000|  0%| F|  |TAMS 0x000000008a000000, 0x000000008a000000| Untracked 
| 161|0x000000008a100000, 0x000000008a100000, 0x000000008a200000|  0%| F|  |TAMS 0x000000008a100000, 0x000000008a100000| Untracked 
| 162|0x000000008a200000, 0x000000008a200000, 0x000000008a300000|  0%| F|  |TAMS 0x000000008a200000, 0x000000008a200000| Untracked 
| 163|0x000000008a300000, 0x000000008a300000, 0x000000008a400000|  0%| F|  |TAMS 0x000000008a300000, 0x000000008a300000| Untracked 
| 164|0x000000008a400000, 0x000000008a400000, 0x000000008a500000|  0%| F|  |TAMS 0x000000008a400000, 0x000000008a400000| Untracked 
| 165|0x000000008a500000, 0x000000008a500000, 0x000000008a600000|  0%| F|  |TAMS 0x000000008a500000, 0x000000008a500000| Untracked 
| 166|0x000000008a600000, 0x000000008a600000, 0x000000008a700000|  0%| F|  |TAMS 0x000000008a600000, 0x000000008a600000| Untracked 
| 167|0x000000008a700000, 0x000000008a700000, 0x000000008a800000|  0%| F|  |TAMS 0x000000008a700000, 0x000000008a700000| Untracked 
| 168|0x000000008a800000, 0x000000008a800000, 0x000000008a900000|  0%| F|  |TAMS 0x000000008a800000, 0x000000008a800000| Untracked 
| 169|0x000000008a900000, 0x000000008a900000, 0x000000008aa00000|  0%| F|  |TAMS 0x000000008a900000, 0x000000008a900000| Untracked 
| 170|0x000000008aa00000, 0x000000008aa00000, 0x000000008ab00000|  0%| F|  |TAMS 0x000000008aa00000, 0x000000008aa00000| Untracked 
| 171|0x000000008ab00000, 0x000000008ab00000, 0x000000008ac00000|  0%| F|  |TAMS 0x000000008ab00000, 0x000000008ab00000| Untracked 
| 172|0x000000008ac00000, 0x000000008ac00000, 0x000000008ad00000|  0%| F|  |TAMS 0x000000008ac00000, 0x000000008ac00000| Untracked 
| 173|0x000000008ad00000, 0x000000008ad00000, 0x000000008ae00000|  0%| F|  |TAMS 0x000000008ad00000, 0x000000008ad00000| Untracked 
| 174|0x000000008ae00000, 0x000000008ae00000, 0x000000008af00000|  0%| F|  |TAMS 0x000000008ae00000, 0x000000008ae00000| Untracked 
| 175|0x000000008af00000, 0x000000008af00000, 0x000000008b000000|  0%| F|  |TAMS 0x000000008af00000, 0x000000008af00000| Untracked 
| 176|0x000000008b000000, 0x000000008b000000, 0x000000008b100000|  0%| F|  |TAMS 0x000000008b000000, 0x000000008b000000| Untracked 
| 177|0x000000008b100000, 0x000000008b100000, 0x000000008b200000|  0%| F|  |TAMS 0x000000008b100000, 0x000000008b100000| Untracked 
| 178|0x000000008b200000, 0x000000008b200000, 0x000000008b300000|  0%| F|  |TAMS 0x000000008b200000, 0x000000008b200000| Untracked 
| 179|0x000000008b300000, 0x000000008b300000, 0x000000008b400000|  0%| F|  |TAMS 0x000000008b300000, 0x000000008b300000| Untracked 
| 180|0x000000008b400000, 0x000000008b400000, 0x000000008b500000|  0%| F|  |TAMS 0x000000008b400000, 0x000000008b400000| Untracked 
| 181|0x000000008b500000, 0x000000008b500000, 0x000000008b600000|  0%| F|  |TAMS 0x000000008b500000, 0x000000008b500000| Untracked 
| 182|0x000000008b600000, 0x000000008b600000, 0x000000008b700000|  0%| F|  |TAMS 0x000000008b600000, 0x000000008b600000| Untracked 
| 183|0x000000008b700000, 0x000000008b700000, 0x000000008b800000|  0%| F|  |TAMS 0x000000008b700000, 0x000000008b700000| Untracked 
| 184|0x000000008b800000, 0x000000008b800000, 0x000000008b900000|  0%| F|  |TAMS 0x000000008b800000, 0x000000008b800000| Untracked 
| 185|0x000000008b900000, 0x000000008b980000, 0x000000008ba00000| 50%| E|  |TAMS 0x000000008b900000, 0x000000008b900000| Complete 
| 186|0x000000008ba00000, 0x000000008bb00000, 0x000000008bb00000|100%| E|CS|TAMS 0x000000008ba00000, 0x000000008ba00000| Complete 
| 187|0x000000008bb00000, 0x000000008bc00000, 0x000000008bc00000|100%| E|CS|TAMS 0x000000008bb00000, 0x000000008bb00000| Complete 
| 188|0x000000008bc00000, 0x000000008bc7d6e0, 0x000000008bd00000| 48%| S|CS|TAMS 0x000000008bc00000, 0x000000008bc00000| Complete 
| 189|0x000000008bd00000, 0x000000008be00000, 0x000000008be00000|100%| S|CS|TAMS 0x000000008bd00000, 0x000000008bd00000| Complete 
| 190|0x000000008be00000, 0x000000008bf00000, 0x000000008bf00000|100%| S|CS|TAMS 0x000000008be00000, 0x000000008be00000| Complete 
| 191|0x000000008bf00000, 0x000000008c000000, 0x000000008c000000|100%| S|CS|TAMS 0x000000008bf00000, 0x000000008bf00000| Complete 
| 192|0x000000008c000000, 0x000000008c100000, 0x000000008c100000|100%| S|CS|TAMS 0x000000008c000000, 0x000000008c000000| Complete 
| 193|0x000000008c100000, 0x000000008c200000, 0x000000008c200000|100%| E|CS|TAMS 0x000000008c100000, 0x000000008c100000| Complete 
| 194|0x000000008c200000, 0x000000008c300000, 0x000000008c300000|100%| E|CS|TAMS 0x000000008c200000, 0x000000008c200000| Complete 
| 195|0x000000008c300000, 0x000000008c400000, 0x000000008c400000|100%| E|CS|TAMS 0x000000008c300000, 0x000000008c300000| Complete 
| 196|0x000000008c400000, 0x000000008c500000, 0x000000008c500000|100%| E|CS|TAMS 0x000000008c400000, 0x000000008c400000| Complete 
| 197|0x000000008c500000, 0x000000008c600000, 0x000000008c600000|100%| E|CS|TAMS 0x000000008c500000, 0x000000008c500000| Complete 
| 198|0x000000008c600000, 0x000000008c700000, 0x000000008c700000|100%| E|CS|TAMS 0x000000008c600000, 0x000000008c600000| Complete 
| 199|0x000000008c700000, 0x000000008c800000, 0x000000008c800000|100%| E|CS|TAMS 0x000000008c700000, 0x000000008c700000| Complete 
| 200|0x000000008c800000, 0x000000008c900000, 0x000000008c900000|100%| E|CS|TAMS 0x000000008c800000, 0x000000008c800000| Complete 
| 201|0x000000008c900000, 0x000000008ca00000, 0x000000008ca00000|100%| E|CS|TAMS 0x000000008c900000, 0x000000008c900000| Complete 
| 202|0x000000008ca00000, 0x000000008cb00000, 0x000000008cb00000|100%| E|CS|TAMS 0x000000008ca00000, 0x000000008ca00000| Complete 
| 203|0x000000008cb00000, 0x000000008cc00000, 0x000000008cc00000|100%| E|CS|TAMS 0x000000008cb00000, 0x000000008cb00000| Complete 
| 204|0x000000008cc00000, 0x000000008cd00000, 0x000000008cd00000|100%| E|CS|TAMS 0x000000008cc00000, 0x000000008cc00000| Complete 
| 205|0x000000008cd00000, 0x000000008ce00000, 0x000000008ce00000|100%| E|CS|TAMS 0x000000008cd00000, 0x000000008cd00000| Complete 
| 206|0x000000008ce00000, 0x000000008cf00000, 0x000000008cf00000|100%| E|CS|TAMS 0x000000008ce00000, 0x000000008ce00000| Complete 
| 207|0x000000008cf00000, 0x000000008d000000, 0x000000008d000000|100%| E|CS|TAMS 0x000000008cf00000, 0x000000008cf00000| Complete 
| 208|0x000000008d000000, 0x000000008d100000, 0x000000008d100000|100%| E|CS|TAMS 0x000000008d000000, 0x000000008d000000| Complete 
| 209|0x000000008d100000, 0x000000008d200000, 0x000000008d200000|100%| E|CS|TAMS 0x000000008d100000, 0x000000008d100000| Complete 
| 210|0x000000008d200000, 0x000000008d300000, 0x000000008d300000|100%| E|CS|TAMS 0x000000008d200000, 0x000000008d200000| Complete 
| 211|0x000000008d300000, 0x000000008d400000, 0x000000008d400000|100%| E|CS|TAMS 0x000000008d300000, 0x000000008d300000| Complete 
| 212|0x000000008d400000, 0x000000008d500000, 0x000000008d500000|100%| E|CS|TAMS 0x000000008d400000, 0x000000008d400000| Complete 
| 213|0x000000008d500000, 0x000000008d600000, 0x000000008d600000|100%| E|CS|TAMS 0x000000008d500000, 0x000000008d500000| Complete 
| 214|0x000000008d600000, 0x000000008d700000, 0x000000008d700000|100%| E|CS|TAMS 0x000000008d600000, 0x000000008d600000| Complete 
| 215|0x000000008d700000, 0x000000008d800000, 0x000000008d800000|100%| E|CS|TAMS 0x000000008d700000, 0x000000008d700000| Complete 
| 216|0x000000008d800000, 0x000000008d900000, 0x000000008d900000|100%| E|CS|TAMS 0x000000008d800000, 0x000000008d800000| Complete 
| 217|0x000000008d900000, 0x000000008da00000, 0x000000008da00000|100%| E|CS|TAMS 0x000000008d900000, 0x000000008d900000| Complete 
| 218|0x000000008da00000, 0x000000008db00000, 0x000000008db00000|100%| E|CS|TAMS 0x000000008da00000, 0x000000008da00000| Complete 
| 219|0x000000008db00000, 0x000000008dc00000, 0x000000008dc00000|100%| E|CS|TAMS 0x000000008db00000, 0x000000008db00000| Complete 
| 220|0x000000008dc00000, 0x000000008dd00000, 0x000000008dd00000|100%| E|CS|TAMS 0x000000008dc00000, 0x000000008dc00000| Complete 
| 221|0x000000008dd00000, 0x000000008de00000, 0x000000008de00000|100%| E|CS|TAMS 0x000000008dd00000, 0x000000008dd00000| Complete 
| 222|0x000000008de00000, 0x000000008df00000, 0x000000008df00000|100%| E|CS|TAMS 0x000000008de00000, 0x000000008de00000| Complete 
| 223|0x000000008df00000, 0x000000008e000000, 0x000000008e000000|100%| E|CS|TAMS 0x000000008df00000, 0x000000008df00000| Complete 
| 224|0x000000008e000000, 0x000000008e100000, 0x000000008e100000|100%| E|CS|TAMS 0x000000008e000000, 0x000000008e000000| Complete 
| 225|0x000000008e100000, 0x000000008e200000, 0x000000008e200000|100%| E|CS|TAMS 0x000000008e100000, 0x000000008e100000| Complete 
| 226|0x000000008e200000, 0x000000008e300000, 0x000000008e300000|100%| E|CS|TAMS 0x000000008e200000, 0x000000008e200000| Complete 
| 227|0x000000008e300000, 0x000000008e400000, 0x000000008e400000|100%| E|CS|TAMS 0x000000008e300000, 0x000000008e300000| Complete 
| 228|0x000000008e400000, 0x000000008e500000, 0x000000008e500000|100%| E|CS|TAMS 0x000000008e400000, 0x000000008e400000| Complete 
| 229|0x000000008e500000, 0x000000008e600000, 0x000000008e600000|100%| E|CS|TAMS 0x000000008e500000, 0x000000008e500000| Complete 
| 230|0x000000008e600000, 0x000000008e700000, 0x000000008e700000|100%| E|CS|TAMS 0x000000008e600000, 0x000000008e600000| Complete 
| 231|0x000000008e700000, 0x000000008e800000, 0x000000008e800000|100%| E|CS|TAMS 0x000000008e700000, 0x000000008e700000| Complete 
| 232|0x000000008e800000, 0x000000008e900000, 0x000000008e900000|100%| E|CS|TAMS 0x000000008e800000, 0x000000008e800000| Complete 
| 233|0x000000008e900000, 0x000000008ea00000, 0x000000008ea00000|100%| E|CS|TAMS 0x000000008e900000, 0x000000008e900000| Complete 
| 234|0x000000008ea00000, 0x000000008eb00000, 0x000000008eb00000|100%| E|CS|TAMS 0x000000008ea00000, 0x000000008ea00000| Complete 
| 235|0x000000008eb00000, 0x000000008ec00000, 0x000000008ec00000|100%| E|CS|TAMS 0x000000008eb00000, 0x000000008eb00000| Complete 
| 236|0x000000008ec00000, 0x000000008ed00000, 0x000000008ed00000|100%| E|CS|TAMS 0x000000008ec00000, 0x000000008ec00000| Complete 
| 237|0x000000008ed00000, 0x000000008ee00000, 0x000000008ee00000|100%| E|CS|TAMS 0x000000008ed00000, 0x000000008ed00000| Complete 
| 238|0x000000008ee00000, 0x000000008ef00000, 0x000000008ef00000|100%| E|CS|TAMS 0x000000008ee00000, 0x000000008ee00000| Complete 
| 239|0x000000008ef00000, 0x000000008f000000, 0x000000008f000000|100%| E|CS|TAMS 0x000000008ef00000, 0x000000008ef00000| Complete 
| 240|0x000000008f000000, 0x000000008f100000, 0x000000008f100000|100%| E|CS|TAMS 0x000000008f000000, 0x000000008f000000| Complete 
| 241|0x000000008f100000, 0x000000008f200000, 0x000000008f200000|100%| E|CS|TAMS 0x000000008f100000, 0x000000008f100000| Complete 
| 242|0x000000008f200000, 0x000000008f300000, 0x000000008f300000|100%| E|CS|TAMS 0x000000008f200000, 0x000000008f200000| Complete 
| 243|0x000000008f300000, 0x000000008f400000, 0x000000008f400000|100%| E|CS|TAMS 0x000000008f300000, 0x000000008f300000| Complete 
| 244|0x000000008f400000, 0x000000008f500000, 0x000000008f500000|100%| E|CS|TAMS 0x000000008f400000, 0x000000008f400000| Complete 
| 245|0x000000008f500000, 0x000000008f600000, 0x000000008f600000|100%| E|CS|TAMS 0x000000008f500000, 0x000000008f500000| Complete 

Card table byte_map: [0x000002bebf360000,0x000002bebf760000] _byte_map_base: 0x000002bebef60000

Marking Bits (Prev, Next): (CMBitMap*) 0x000002bea7d22a60, (CMBitMap*) 0x000002bea7d22aa0
 Prev Bits: [0x000002bebfb60000, 0x000002bec1b60000)
 Next Bits: [0x000002bec1b60000, 0x000002bec3b60000)

Polling page: 0x000002bea5b60000

Metaspace:

Usage:
  Non-class:     13.17 MB used.
      Class:      2.09 MB used.
       Both:     15.26 MB used.

Virtual space:
  Non-class space:       64.00 MB reserved,      13.31 MB ( 21%) committed,  1 nodes.
      Class space:        1.00 GB reserved,       2.19 MB ( <1%) committed,  1 nodes.
             Both:        1.06 GB reserved,      15.50 MB (  1%) committed. 

Chunk freelists:
   Non-Class:  2.51 MB
       Class:  13.82 MB
        Both:  16.33 MB

MaxMetaspaceSize: unlimited
CompressedClassSpaceSize: 1.00 GB
Initial GC threshold: 21.00 MB
Current GC threshold: 21.00 MB
CDS: on
MetaspaceReclaimPolicy: balanced
 - commit_granule_bytes: 65536.
 - commit_granule_words: 8192.
 - virtual_space_node_default_size: 8388608.
 - enlarge_chunks_in_place: 1.
 - new_chunks_are_fully_committed: 0.
 - uncommit_free_chunks: 1.
 - use_allocation_guard: 0.
 - handle_deallocations: 1.


Internal statistics:

num_allocs_failed_limit: 0.
num_arena_births: 202.
num_arena_deaths: 0.
num_vsnodes_births: 2.
num_vsnodes_deaths: 0.
num_space_committed: 248.
num_space_uncommitted: 0.
num_chunks_returned_to_freelist: 0.
num_chunks_taken_from_freelist: 698.
num_chunk_merges: 0.
num_chunk_splits: 454.
num_chunks_enlarged: 330.
num_inconsistent_stats: 0.

CodeHeap 'non-profiled nmethods': size=119168Kb used=1247Kb max_used=1247Kb free=117920Kb
 bounds [0x000002beb7390000, 0x000002beb7600000, 0x000002bebe7f0000]
CodeHeap 'profiled nmethods': size=119104Kb used=5309Kb max_used=5309Kb free=113794Kb
 bounds [0x000002beaf7f0000, 0x000002beafd20000, 0x000002beb6c40000]
CodeHeap 'non-nmethods': size=7488Kb used=1226Kb max_used=2956Kb free=6261Kb
 bounds [0x000002beb6c40000, 0x000002beb6f30000, 0x000002beb7390000]
 total_blobs=3117 nmethods=2586 adapters=443
 compilation: enabled
              stopped_count=0, restarted_count=0
 full_count=0

Compilation events (20 events):
Event: 5.959 Thread 0x000002bf081eaba0 nmethod 2571 0x000002beafd12e90 code [0x000002beafd132e0, 0x000002beafd15458]
Event: 5.961 Thread 0x000002bec6027a90 nmethod 2574 0x000002beafd16190 code [0x000002beafd16780, 0x000002beafd1a178]
Event: 5.968 Thread 0x000002bec6027a90 2575       3       java.lang.System::getProperty (25 bytes)
Event: 5.968 Thread 0x000002bec6027a90 nmethod 2575 0x000002beafd1b610 code [0x000002beafd1b820, 0x000002beafd1bf18]
Event: 5.989 Thread 0x000002bec6027a90 2576       3       java.util.stream.StreamOpFlag::fromCharacteristics (37 bytes)
Event: 5.989 Thread 0x000002bf081eaba0 2577       3       java.util.stream.AbstractPipeline::<init> (55 bytes)
Event: 5.989 Thread 0x000002bf081dfd10 2578       3       java.util.stream.StreamSupport::stream (19 bytes)
Event: 5.989 Thread 0x000002bf081e2650 2579       3       java.util.stream.ReferencePipeline$Head::<init> (8 bytes)
Event: 5.989 Thread 0x000002bec6027a90 nmethod 2576 0x000002beafd1c190 code [0x000002beafd1c340, 0x000002beafd1c678]
Event: 5.989 Thread 0x000002bec6027a90 2580       3       java.util.stream.ReferencePipeline::<init> (8 bytes)
Event: 5.989 Thread 0x000002bf081e2650 nmethod 2579 0x000002beafd1c790 code [0x000002beafd1c940, 0x000002beafd1cac8]
Event: 5.989 Thread 0x000002bf081eaba0 nmethod 2577 0x000002beafd1cb90 code [0x000002beafd1cd40, 0x000002beafd1d018]
Event: 5.989 Thread 0x000002bf081dfd10 nmethod 2578 0x000002beafd1d110 code [0x000002beafd1d2e0, 0x000002beafd1d708]
Event: 5.989 Thread 0x000002bec6027a90 nmethod 2580 0x000002beafd1d910 code [0x000002beafd1daa0, 0x000002beafd1dbe8]
Event: 5.999 Thread 0x000002bf081e2650 2581       3       java.lang.Package$VersionInfo::<init> (44 bytes)
Event: 6.000 Thread 0x000002bf081e2650 nmethod 2581 0x000002beafd1dc90 code [0x000002beafd1de40, 0x000002beafd1e238]
Event: 6.081 Thread 0x000002bf081e2650 2584       1       org.gradle.launcher.daemon.server.exec.DaemonConnectionBackedEventConsumer::access$000 (5 bytes)
Event: 6.081 Thread 0x000002bf081e2650 nmethod 2584 0x000002beb74c7410 code [0x000002beb74c75a0, 0x000002beb74c7658]
Event: 6.469 Thread 0x000002bec6027a90 2585       3       java.util.concurrent.locks.AbstractQueuedSynchronizer::signalNext (34 bytes)
Event: 6.470 Thread 0x000002bec6027a90 nmethod 2585 0x000002beafd1e310 code [0x000002beafd1e4e0, 0x000002beafd1e798]

GC Heap History (6 events):
Event: 0.684 GC heap before
{Heap before GC invocations=0 (full 0):
 garbage-first heap   total 251904K, used 23552K [0x0000000080000000, 0x0000000100000000)
  region size 1024K, 23 young (23552K), 0 survivors (0K)
 Metaspace       used 1085K, committed 1216K, reserved 1114112K
  class space    used 73K, committed 128K, reserved 1048576K
}
Event: 0.692 GC heap after
{Heap after GC invocations=1 (full 0):
 garbage-first heap   total 251904K, used 2297K [0x0000000080000000, 0x0000000100000000)
  region size 1024K, 3 young (3072K), 3 survivors (3072K)
 Metaspace       used 1085K, committed 1216K, reserved 1114112K
  class space    used 73K, committed 128K, reserved 1048576K
}
Event: 1.823 GC heap before
{Heap before GC invocations=1 (full 0):
 garbage-first heap   total 251904K, used 42233K [0x0000000080000000, 0x0000000100000000)
  region size 1024K, 39 young (39936K), 3 survivors (3072K)
 Metaspace       used 4456K, committed 4608K, reserved 1114112K
  class space    used 549K, committed 640K, reserved 1048576K
}
Event: 1.829 GC heap after
{Heap after GC invocations=2 (full 0):
 garbage-first heap   total 251904K, used 10864K [0x0000000080000000, 0x0000000100000000)
  region size 1024K, 5 young (5120K), 5 survivors (5120K)
 Metaspace       used 4456K, committed 4608K, reserved 1114112K
  class space    used 549K, committed 640K, reserved 1048576K
}
Event: 2.690 GC heap before
{Heap before GC invocations=2 (full 0):
 garbage-first heap   total 251904K, used 62064K [0x0000000080000000, 0x0000000100000000)
  region size 1024K, 53 young (54272K), 5 survivors (5120K)
 Metaspace       used 5288K, committed 5504K, reserved 1114112K
  class space    used 697K, committed 768K, reserved 1048576K
}
Event: 2.697 GC heap after
{Heap after GC invocations=3 (full 0):
 garbage-first heap   total 251904K, used 16400K [0x0000000080000000, 0x0000000100000000)
  region size 1024K, 5 young (5120K), 5 survivors (5120K)
 Metaspace       used 5288K, committed 5504K, reserved 1114112K
  class space    used 697K, committed 768K, reserved 1048576K
}

Dll operation events (15 events):
Event: 0.018 Loaded shared library C:\Program Files\Eclipse Adoptium\jdk-17.0.15.6-hotspot\bin\java.dll
Event: 0.046 Loaded shared library C:\Program Files\Eclipse Adoptium\jdk-17.0.15.6-hotspot\bin\jsvml.dll
Event: 0.119 Loaded shared library C:\Program Files\Eclipse Adoptium\jdk-17.0.15.6-hotspot\bin\zip.dll
Event: 0.124 Loaded shared library C:\Program Files\Eclipse Adoptium\jdk-17.0.15.6-hotspot\bin\instrument.dll
Event: 0.135 Loaded shared library C:\Program Files\Eclipse Adoptium\jdk-17.0.15.6-hotspot\bin\net.dll
Event: 0.139 Loaded shared library C:\Program Files\Eclipse Adoptium\jdk-17.0.15.6-hotspot\bin\nio.dll
Event: 0.143 Loaded shared library C:\Program Files\Eclipse Adoptium\jdk-17.0.15.6-hotspot\bin\zip.dll
Event: 0.557 Loaded shared library C:\Program Files\Eclipse Adoptium\jdk-17.0.15.6-hotspot\bin\jimage.dll
Event: 0.889 Loaded shared library C:\Program Files\Eclipse Adoptium\jdk-17.0.15.6-hotspot\bin\verify.dll
Event: 1.099 Loaded shared library C:\Users\TG\.gradle\native\1def1411415f61bf3af743bc5b6707747c0891f09f0c88961ee8f79bc544acac\windows-amd64\native-platform.dll
Event: 1.124 Loaded shared library C:\Users\TG\.gradle\native\0.2.7\x86_64-windows-gnu\gradle-fileevents.dll
Event: 2.860 Loaded shared library C:\Program Files\Eclipse Adoptium\jdk-17.0.15.6-hotspot\bin\management.dll
Event: 2.869 Loaded shared library C:\Program Files\Eclipse Adoptium\jdk-17.0.15.6-hotspot\bin\management_ext.dll
Event: 3.393 Loaded shared library C:\Program Files\Eclipse Adoptium\jdk-17.0.15.6-hotspot\bin\extnet.dll
Event: 3.847 Loaded shared library C:\Program Files\Eclipse Adoptium\jdk-17.0.15.6-hotspot\bin\sunmscapi.dll

Deoptimization events (20 events):
Event: 4.483 Thread 0x000002bf0e4ee670 DEOPT PACKING pc=0x000002beb74a0018 sp=0x000000f3723fc080
Event: 4.483 Thread 0x000002bf0e4ee670 DEOPT UNPACKING pc=0x000002beb6c969a3 sp=0x000000f3723fc040 mode 2
Event: 4.510 Thread 0x000002bf0e4ee670 Uncommon trap: trap_request=0xffffff45 fr.pc=0x000002beb742eae8 relative=0x0000000000000248
Event: 4.510 Thread 0x000002bf0e4ee670 Uncommon trap: reason=unstable_if action=reinterpret pc=0x000002beb742eae8 method=java.util.concurrent.ConcurrentHashMap.get(Ljava/lang/Object;)Ljava/lang/Object; @ 76 c2
Event: 4.510 Thread 0x000002bf0e4ee670 DEOPT PACKING pc=0x000002beb742eae8 sp=0x000000f3723fb5b0
Event: 4.510 Thread 0x000002bf0e4ee670 DEOPT UNPACKING pc=0x000002beb6c969a3 sp=0x000000f3723fb518 mode 2
Event: 5.270 Thread 0x000002bf0e4ee670 DEOPT PACKING pc=0x000002beafc27e4a sp=0x000000f3723fd010
Event: 5.270 Thread 0x000002bf0e4ee670 DEOPT UNPACKING pc=0x000002beb6c97143 sp=0x000000f3723fc520 mode 0
Event: 5.488 Thread 0x000002bf0e4ee670 Uncommon trap: trap_request=0xffffff45 fr.pc=0x000002beb745dbb8 relative=0x0000000000000198
Event: 5.488 Thread 0x000002bf0e4ee670 Uncommon trap: reason=unstable_if action=reinterpret pc=0x000002beb745dbb8 method=java.util.WeakHashMap.expungeStaleEntries()V @ 9 c2
Event: 5.488 Thread 0x000002bf0e4ee670 DEOPT PACKING pc=0x000002beb745dbb8 sp=0x000000f3723fb890
Event: 5.488 Thread 0x000002bf0e4ee670 DEOPT UNPACKING pc=0x000002beb6c969a3 sp=0x000000f3723fb828 mode 2
Event: 5.966 Thread 0x000002bf0e4ee670 Uncommon trap: trap_request=0xffffff45 fr.pc=0x000002beb73b088c relative=0x0000000000000a8c
Event: 5.966 Thread 0x000002bf0e4ee670 Uncommon trap: reason=unstable_if action=reinterpret pc=0x000002beb73b088c method=java.io.WinNTFileSystem.resolve(Ljava/lang/String;Ljava/lang/String;)Ljava/lang/String; @ 19 c2
Event: 5.966 Thread 0x000002bf0e4ee670 DEOPT PACKING pc=0x000002beb73b088c sp=0x000000f3723fae20
Event: 5.966 Thread 0x000002bf0e4ee670 DEOPT UNPACKING pc=0x000002beb6c969a3 sp=0x000000f3723fadc8 mode 2
Event: 5.968 Thread 0x000002bf0e4ee670 Uncommon trap: trap_request=0xffffff45 fr.pc=0x000002beb742f5a0 relative=0x00000000000005e0
Event: 5.968 Thread 0x000002bf0e4ee670 Uncommon trap: reason=unstable_if action=reinterpret pc=0x000002beb742f5a0 method=java.io.File.getName()Ljava/lang/String; @ 16 c2
Event: 5.968 Thread 0x000002bf0e4ee670 DEOPT PACKING pc=0x000002beb742f5a0 sp=0x000000f3723fadd0
Event: 5.969 Thread 0x000002bf0e4ee670 DEOPT UNPACKING pc=0x000002beb6c969a3 sp=0x000000f3723fada0 mode 2

Classes loaded (20 events):
Event: 5.564 Loading class java/util/concurrent/locks/ReentrantLock$FairSync
Event: 5.564 Loading class java/util/concurrent/locks/ReentrantLock$FairSync done
Event: 5.573 Loading class sun/misc/Unsafe
Event: 5.575 Loading class sun/misc/Unsafe done
Event: 5.590 Loading class java/net/DatagramPacket
Event: 5.591 Loading class java/net/DatagramPacket done
Event: 5.592 Loading class sun/nio/ch/DatagramSocketAdaptor$DatagramPackets
Event: 5.592 Loading class sun/nio/ch/DatagramSocketAdaptor$DatagramPackets done
Event: 5.920 Loading class sun/security/provider/MD5
Event: 5.921 Loading class sun/security/provider/MD5 done
Event: 5.921 Loading class sun/security/provider/SHA5$SHA512
Event: 5.922 Loading class sun/security/provider/SHA5
Event: 5.922 Loading class sun/security/provider/SHA5 done
Event: 5.922 Loading class sun/security/provider/SHA5$SHA512 done
Event: 5.924 Loading class sun/security/provider/ByteArrayAccess$LE
Event: 5.924 Loading class sun/security/provider/ByteArrayAccess$LE done
Event: 5.968 Loading class java/io/File$TempDirectory
Event: 5.968 Loading class java/io/File$TempDirectory done
Event: 5.976 Loading class java/io/PrintWriter
Event: 5.977 Loading class java/io/PrintWriter done

Classes unloaded (0 events):
No events

Classes redefined (0 events):
No events

Internal exceptions (20 events):
Event: 3.510 Thread 0x000002bea7cc6a70 Exception <a 'java/lang/NoSuchMethodError'{0x000000008e98a9e8}: 'java.lang.Object java.lang.invoke.DirectMethodHandle$Holder.invokeStaticInit(java.lang.Object, int, int, int, int)'> (0x000000008e98a9e8) 
thrown [s\src\hotspot\share\interpreter\linkResolver.cpp, line 759]
Event: 3.610 Thread 0x000002bea7cc6a70 Exception <a 'java/lang/NoSuchMethodError'{0x000000008e9e4e30}: 'java.lang.Object java.lang.invoke.DirectMethodHandle$Holder.invokeStaticInit(java.lang.Object, java.lang.Object, int, int, int, int)'> (0x000000008e9e4e30) 
thrown [s\src\hotspot\share\interpreter\linkResolver.cpp, line 759]
Event: 3.740 Thread 0x000002bea7cc6a70 Exception <a 'java/io/IOException'{0x000000008e509e88}> (0x000000008e509e88) 
thrown [s\src\hotspot\share\prims\jni.cpp, line 516]
Event: 3.749 Thread 0x000002bea7cc6a70 Implicit null exception at 0x000002beb73e3072 to 0x000002beb73e3640
Event: 3.756 Thread 0x000002bea7cc6a70 Exception <a 'java/lang/NoSuchMethodError'{0x000000008e56f6e8}: 'java.lang.Object java.lang.invoke.DirectMethodHandle$Holder.newInvokeSpecial(java.lang.Object, java.lang.Object, java.lang.Object, java.lang.Object, java.lang.Object)'> (0x000000008e56f6e8) 
thrown [s\src\hotspot\share\interpreter\linkResolver.cpp, line 759]
Event: 4.016 Thread 0x000002bf0e3a2a00 Exception <a 'java/lang/NoSuchMethodError'{0x000000008e0b0028}: static Lorg/gradle/tooling/internal/provider/serialization/ClassLoaderDetails;.<clinit>()V> (0x000000008e0b0028) 
thrown [s\src\hotspot\share\prims\jni.cpp, line 1112]
Event: 4.021 Thread 0x000002bf0e3a2a00 Exception <a 'java/lang/NoSuchMethodError'{0x000000008e0c9498}: static Lorg/gradle/internal/classloader/ClassLoaderSpec;.<clinit>()V> (0x000000008e0c9498) 
thrown [s\src\hotspot\share\prims\jni.cpp, line 1112]
Event: 4.023 Thread 0x000002bf0e3a2a00 Exception <a 'java/lang/NoSuchMethodError'{0x000000008e0d2c20}: static Lorg/gradle/tooling/internal/provider/serialization/WellKnownClassLoaderRegistry$KnownClassLoaderSpec;.<clinit>()V> (0x000000008e0d2c20) 
thrown [s\src\hotspot\share\prims\jni.cpp, line 1112]
Event: 4.027 Thread 0x000002bf0e3a2a00 Exception <a 'java/lang/NoSuchMethodError'{0x000000008e0e9020}: static Lorg/gradle/tooling/internal/provider/serialization/ClientOwnedClassLoaderSpec;.<clinit>()V> (0x000000008e0e9020) 
thrown [s\src\hotspot\share\prims\jni.cpp, line 1112]
Event: 4.077 Thread 0x000002bf0e351030 Exception <a 'java/lang/NoSuchMethodError'{0x000000008e278b30}: 'void java.lang.invoke.DirectMethodHandle$Holder.invokeSpecial(java.lang.Object, java.lang.Object, java.lang.Object)'> (0x000000008e278b30) 
thrown [s\src\hotspot\share\interpreter\linkResolver.cpp, line 759]
Event: 4.243 Thread 0x000002bf0e4ee670 Exception <a 'java/lang/NoSuchMethodError'{0x000000008daa4e68}: 'long java.lang.invoke.DirectMethodHandle$Holder.invokeInterface(java.lang.Object, java.lang.Object)'> (0x000000008daa4e68) 
thrown [s\src\hotspot\share\interpreter\linkResolver.cpp, line 759]
Event: 4.406 Thread 0x000002bf0e4ee670 Exception <a 'java/lang/NoSuchMethodError'{0x000000008d6ec448}: 'void java.lang.invoke.DirectMethodHandle$Holder.invokeStatic(java.lang.Object, java.lang.Object)'> (0x000000008d6ec448) 
thrown [s\src\hotspot\share\interpreter\linkResolver.cpp, line 759]
Event: 4.529 Thread 0x000002bf0e4ee670 Exception <a 'java/lang/NoSuchMethodError'{0x000000008d30e818}: 'int java.lang.invoke.DirectMethodHandle$Holder.invokeVirtual(java.lang.Object, java.lang.Object, java.lang.Object)'> (0x000000008d30e818) 
thrown [s\src\hotspot\share\interpreter\linkResolver.cpp, line 759]
Event: 4.660 Thread 0x000002bf0e4ee670 Exception <a 'java/lang/NoSuchMethodError'{0x000000008d1a6ee8}: 'java.lang.Object java.lang.invoke.DirectMethodHandle$Holder.newInvokeSpecial(java.lang.Object, java.lang.Object, java.lang.Object, java.lang.Object, java.lang.Object, java.lang.Object)'> (0x000000008d1a6ee8) 
thrown [s\src\hotspot\share\interpreter\linkResolver.cpp, line 759]
Event: 4.855 Thread 0x000002bf0e4ee670 Exception <a 'java/lang/NoSuchMethodError'{0x000000008ceb0e58}: 'void java.lang.invoke.DelegatingMethodHandle$Holder.reinvoke_L(java.lang.Object, java.lang.Object, java.lang.Object, java.lang.Object, java.lang.Object, java.lang.Object, java.lang.Object, java.lang.Object, java.lang.Object, java.lang.Object)'> (0x000000008ceb0e58) 
thrown [s\src\hotspot\share\interpreter\linkResolver.cpp, line 759]
Event: 4.856 Thread 0x000002bf0e4ee670 Exception <a 'java/lang/NoSuchMethodError'{0x000000008ceb92c8}: 'java.lang.Object java.lang.invoke.DirectMethodHandle$Holder.invokeSpecial(java.lang.Object, java.lang.Object, java.lang.Object, java.lang.Object, java.lang.Object, java.lang.Object, java.lang.Object, java.lang.Object, java.lang.Object, java.lang.Object)'> (0x000000008ceb92c8) 
thrown [s\src\hotspot\share\interpreter\linkResolver.cpp, line 759]
Event: 4.856 Thread 0x000002bf0e4ee670 Exception <a 'java/lang/NoSuchMethodError'{0x000000008cebdb98}: 'java.lang.Object java.lang.invoke.Invokers$Holder.invoker(java.lang.Object, java.lang.Object, java.lang.Object, java.lang.Object, java.lang.Object, java.lang.Object, java.lang.Object, java.lang.Object, java.lang.Object, java.lang.Object)'> (0x000000008cebdb98) 
thrown [s\src\hotspot\share\interpreter\linkResolver.cpp, line 759]
Event: 4.856 Thread 0x000002bf0e4ee670 Exception <a 'java/lang/NoSuchMethodError'{0x000000008cec37a0}: 'java.lang.Object java.lang.invoke.DirectMethodHandle$Holder.invokeSpecial(java.lang.Object, java.lang.Object, java.lang.Object, java.lang.Object, java.lang.Object, java.lang.Object, java.lang.Object, java.lang.Object, java.lang.Object, java.lang.Object, java.lang.Object)'> (0x000000008cec37a0) 
thrown [s\src\hotspot\share\interpreter\linkResolver.cpp, line 759]
Event: 5.567 Thread 0x000002bf0e4ee670 Exception <a 'java/lang/NoSuchMethodError'{0x000000008c6c84f8}: 'java.lang.Object java.lang.invoke.DirectMethodHandle$Holder.newInvokeSpecial(java.lang.Object, java.lang.Object, int)'> (0x000000008c6c84f8) 
thrown [s\src\hotspot\share\interpreter\linkResolver.cpp, line 759]
Event: 6.005 Thread 0x000002bf0e4ee670 Exception <a 'java/lang/NoSuchMethodError'{0x000000008bbb2a88}: 'java.lang.Object java.lang.invoke.DirectMethodHandle$Holder.invokeInterface(java.lang.Object, java.lang.Object, java.lang.Object)'> (0x000000008bbb2a88) 
thrown [s\src\hotspot\share\interpreter\linkResolver.cpp, line 759]

VM Operations (20 events):
Event: 2.930 Executing VM operation: HandshakeAllThreads done
Event: 3.032 Executing VM operation: HandshakeAllThreads
Event: 3.032 Executing VM operation: HandshakeAllThreads done
Event: 3.384 Executing VM operation: HandshakeAllThreads
Event: 3.384 Executing VM operation: HandshakeAllThreads done
Event: 3.477 Executing VM operation: HandshakeAllThreads
Event: 3.477 Executing VM operation: HandshakeAllThreads done
Event: 3.529 Executing VM operation: HandshakeAllThreads
Event: 3.529 Executing VM operation: HandshakeAllThreads done
Event: 3.606 Executing VM operation: HandshakeAllThreads
Event: 3.606 Executing VM operation: HandshakeAllThreads done
Event: 3.816 Executing VM operation: HandshakeAllThreads
Event: 3.816 Executing VM operation: HandshakeAllThreads done
Event: 3.816 Executing VM operation: Cleanup
Event: 3.816 Executing VM operation: Cleanup done
Event: 4.825 Executing VM operation: Cleanup
Event: 4.826 Executing VM operation: Cleanup done
Event: 5.832 Executing VM operation: Cleanup
Event: 5.832 Executing VM operation: Cleanup done
Event: 6.844 Executing VM operation: Cleanup

Memory protections (0 events):
No events

Nmethod flushes (0 events):
No events

Events (20 events):
Event: 0.551 Thread 0x000002bf081eaba0 Thread added: 0x000002bf08341230
Event: 1.870 Thread 0x000002bf08341230 Thread exited: 0x000002bf08341230
Event: 2.237 Thread 0x000002bf081ed220 Thread exited: 0x000002bf081ed220
Event: 2.398 Thread 0x000002bec6027a90 Thread added: 0x000002bf0d8fbcf0
Event: 2.979 Thread 0x000002bea7cc6a70 Thread added: 0x000002bf08369860
Event: 3.149 Thread 0x000002bf0d8fbcf0 Thread exited: 0x000002bf0d8fbcf0
Event: 3.642 Thread 0x000002bea7cc6a70 Thread added: 0x000002bf0e37e8a0
Event: 3.764 Thread 0x000002bea7cc6a70 Thread added: 0x000002bf0e2d9870
Event: 3.899 Thread 0x000002bf0e37e8a0 Thread added: 0x000002bf0e351030
Event: 3.906 Thread 0x000002bf0e351030 Thread added: 0x000002bf0e3a2a00
Event: 4.054 Thread 0x000002bf0e351030 Thread added: 0x000002bf0e4f09e0
Event: 4.078 Thread 0x000002bf0e351030 Thread added: 0x000002bf0e4ee670
Event: 4.100 Thread 0x000002bf0e4ee670 Thread added: 0x000002bf0e4f04d0
Event: 4.110 Thread 0x000002bf0e4ee670 Thread added: 0x000002bf0e4ef5a0
Event: 4.119 Thread 0x000002bf0e4ee670 Thread added: 0x000002bf0e4eeb80
Event: 4.181 Thread 0x000002bf081e2650 Thread added: 0x000002bf0e493f00
Event: 4.585 Thread 0x000002bf0e493f00 Thread exited: 0x000002bf0e493f00
Event: 5.565 Thread 0x000002bf0e4ee670 Thread added: 0x000002bf0e4f1e20
Event: 5.589 Thread 0x000002bf0e4ee670 Thread added: 0x000002bf0e4efab0
Event: 5.907 Thread 0x000002bf0e4ee670 Thread added: 0x000002bf0e4f0ef0


Dynamic libraries:
0x00007ff628880000 - 0x00007ff62888e000 	C:\Program Files\Eclipse Adoptium\jdk-17.0.15.6-hotspot\bin\java.exe
0x00007ff9e0d60000 - 0x00007ff9e0fc7000 	C:\WINDOWS\SYSTEM32\ntdll.dll
0x00007ff9dfd50000 - 0x00007ff9dfe19000 	C:\WINDOWS\System32\KERNEL32.DLL
0x00007ff9de270000 - 0x00007ff9de65f000 	C:\WINDOWS\System32\KERNELBASE.dll
0x00007ff9de830000 - 0x00007ff9de97b000 	C:\WINDOWS\System32\ucrtbase.dll
0x00007ff95b080000 - 0x00007ff95b09e000 	C:\Program Files\Eclipse Adoptium\jdk-17.0.15.6-hotspot\bin\VCRUNTIME140.dll
0x00007ff9595b0000 - 0x00007ff9595c7000 	C:\Program Files\Eclipse Adoptium\jdk-17.0.15.6-hotspot\bin\jli.dll
0x00007ff9e01b0000 - 0x00007ff9e0375000 	C:\WINDOWS\System32\USER32.dll
0x00007ff9caff0000 - 0x00007ff9cb283000 	C:\WINDOWS\WinSxS\amd64_microsoft.windows.common-controls_6595b64144ccf1df_6.0.26100.7309_none_3e05feeae336a044\COMCTL32.dll
0x00007ff9de0d0000 - 0x00007ff9de0f7000 	C:\WINDOWS\System32\win32u.dll
0x00007ff9e0180000 - 0x00007ff9e01ab000 	C:\WINDOWS\System32\GDI32.dll
0x00007ff9e00c0000 - 0x00007ff9e0169000 	C:\WINDOWS\System32\msvcrt.dll
0x00007ff9de670000 - 0x00007ff9de79c000 	C:\WINDOWS\System32\gdi32full.dll
0x00007ff9de1c0000 - 0x00007ff9de263000 	C:\WINDOWS\System32\msvcp_win.dll
0x00007ff9df190000 - 0x00007ff9df1c1000 	C:\WINDOWS\System32\IMM32.DLL
0x00000000559e0000 - 0x00000000559ec000 	D:\360TotalSecurity\360\Total Security\safemon\SafeWrapper.dll
0x00007ff9e0490000 - 0x00007ff9e0544000 	C:\WINDOWS\System32\ADVAPI32.dll
0x00007ff9e0380000 - 0x00007ff9e0426000 	C:\WINDOWS\System32\sechost.dll
0x00007ff9df070000 - 0x00007ff9df188000 	C:\WINDOWS\System32\RPCRT4.dll
0x00007ff9587a0000 - 0x00007ff95884c000 	D:\360TotalSecurity\360\Total Security\safemon\libzdtp64.dll
0x00007ff9df340000 - 0x00007ff9dfa93000 	C:\WINDOWS\System32\SHELL32.dll
0x00007ff9ddeb0000 - 0x00007ff9de01a000 	C:\WINDOWS\System32\wintypes.dll
0x00007ff9deb00000 - 0x00007ff9dee85000 	C:\WINDOWS\System32\combase.dll
0x00007ff9df1d0000 - 0x00007ff9df236000 	C:\WINDOWS\System32\SHLWAPI.dll
0x00007ff9dd790000 - 0x00007ff9dd79b000 	C:\WINDOWS\SYSTEM32\VERSION.dll
0x00007ff981ee0000 - 0x00007ff981eec000 	C:\Program Files\Eclipse Adoptium\jdk-17.0.15.6-hotspot\bin\vcruntime140_1.dll
0x00007ff94bc40000 - 0x00007ff94bccd000 	C:\Program Files\Eclipse Adoptium\jdk-17.0.15.6-hotspot\bin\msvcp140.dll
0x00007ff9139c0000 - 0x00007ff91462b000 	C:\Program Files\Eclipse Adoptium\jdk-17.0.15.6-hotspot\bin\server\jvm.dll
0x00007ff9e0810000 - 0x00007ff9e0884000 	C:\WINDOWS\System32\WS2_32.dll
0x00007ff9ddd30000 - 0x00007ff9ddd8e000 	C:\WINDOWS\SYSTEM32\POWRPROF.dll
0x00007ff9d5790000 - 0x00007ff9d57c5000 	C:\WINDOWS\SYSTEM32\WINMM.dll
0x00007ff9ddd10000 - 0x00007ff9ddd24000 	C:\WINDOWS\SYSTEM32\UMPDC.dll
0x00007ff9dcbd0000 - 0x00007ff9dcbeb000 	C:\WINDOWS\SYSTEM32\kernel.appcore.dll
0x00007ff9777d0000 - 0x00007ff9777da000 	C:\Program Files\Eclipse Adoptium\jdk-17.0.15.6-hotspot\bin\jimage.dll
0x00007ff9d20b0000 - 0x00007ff9d22f2000 	C:\WINDOWS\SYSTEM32\DBGHELP.DLL
0x00007ff9dff60000 - 0x00007ff9e0036000 	C:\WINDOWS\System32\OLEAUT32.dll
0x00007ff9c7fb0000 - 0x00007ff9c7fec000 	C:\WINDOWS\SYSTEM32\dbgcore.DLL
0x00007ff9de020000 - 0x00007ff9de0c5000 	C:\WINDOWS\System32\bcryptPrimitives.dll
0x00007ff975eb0000 - 0x00007ff975ebe000 	C:\Program Files\Eclipse Adoptium\jdk-17.0.15.6-hotspot\bin\instrument.dll
0x00007ff9553a0000 - 0x00007ff9553c5000 	C:\Program Files\Eclipse Adoptium\jdk-17.0.15.6-hotspot\bin\java.dll
0x00007ff934630000 - 0x00007ff934707000 	C:\Program Files\Eclipse Adoptium\jdk-17.0.15.6-hotspot\bin\jsvml.dll
0x00007ff9dba00000 - 0x00007ff9dc25e000 	C:\WINDOWS\SYSTEM32\windows.storage.dll
0x00007ff9df240000 - 0x00007ff9df335000 	C:\WINDOWS\System32\SHCORE.dll
0x00007ff9dddd0000 - 0x00007ff9dddf9000 	C:\WINDOWS\SYSTEM32\profapi.dll
0x00007ff959590000 - 0x00007ff9595a8000 	C:\Program Files\Eclipse Adoptium\jdk-17.0.15.6-hotspot\bin\zip.dll
0x00007ff954ce0000 - 0x00007ff954cf9000 	C:\Program Files\Eclipse Adoptium\jdk-17.0.15.6-hotspot\bin\net.dll
0x00007ff9d63a0000 - 0x00007ff9d64c8000 	C:\WINDOWS\SYSTEM32\WINHTTP.dll
0x00007ff9dd160000 - 0x00007ff9dd1cb000 	C:\WINDOWS\system32\mswsock.dll
0x00007ff954cc0000 - 0x00007ff954cd6000 	C:\Program Files\Eclipse Adoptium\jdk-17.0.15.6-hotspot\bin\nio.dll
0x00007ff971040000 - 0x00007ff971050000 	C:\Program Files\Eclipse Adoptium\jdk-17.0.15.6-hotspot\bin\verify.dll
0x00007ff984780000 - 0x00007ff9847a7000 	C:\Users\TG\.gradle\native\1def1411415f61bf3af743bc5b6707747c0891f09f0c88961ee8f79bc544acac\windows-amd64\native-platform.dll
0x00007ff95b480000 - 0x00007ff95b4f8000 	C:\Users\TG\.gradle\native\0.2.7\x86_64-windows-gnu\gradle-fileevents.dll
0x00007ff970e30000 - 0x00007ff970e3a000 	C:\Program Files\Eclipse Adoptium\jdk-17.0.15.6-hotspot\bin\management.dll
0x00007ff96fe30000 - 0x00007ff96fe3b000 	C:\Program Files\Eclipse Adoptium\jdk-17.0.15.6-hotspot\bin\management_ext.dll
0x00007ff9e0770000 - 0x00007ff9e0778000 	C:\WINDOWS\System32\PSAPI.DLL
0x00007ff9dc5a0000 - 0x00007ff9dc5d4000 	C:\WINDOWS\SYSTEM32\IPHLPAPI.DLL
0x00007ff9dfe30000 - 0x00007ff9dfe3a000 	C:\WINDOWS\System32\NSI.dll
0x00007ff9d7940000 - 0x00007ff9d795e000 	C:\WINDOWS\SYSTEM32\dhcpcsvc6.DLL
0x00007ff9d7790000 - 0x00007ff9d77b3000 	C:\WINDOWS\SYSTEM32\dhcpcsvc.DLL
0x00007ff9dc5f0000 - 0x00007ff9dc71c000 	C:\WINDOWS\SYSTEM32\DNSAPI.dll
0x00007ff99e240000 - 0x00007ff99e249000 	C:\Program Files\Eclipse Adoptium\jdk-17.0.15.6-hotspot\bin\extnet.dll
0x00007ff9dd420000 - 0x00007ff9dd43b000 	C:\WINDOWS\SYSTEM32\CRYPTSP.dll
0x00007ff9dcb20000 - 0x00007ff9dcb5a000 	C:\WINDOWS\system32\rsaenh.dll
0x00007ff9dd210000 - 0x00007ff9dd23b000 	C:\WINDOWS\SYSTEM32\USERENV.dll
0x00007ff9ddda0000 - 0x00007ff9dddca000 	C:\WINDOWS\SYSTEM32\bcrypt.dll
0x00007ff9dd440000 - 0x00007ff9dd44c000 	C:\WINDOWS\SYSTEM32\CRYPTBASE.dll
0x00007ff9700d0000 - 0x00007ff9700de000 	C:\Program Files\Eclipse Adoptium\jdk-17.0.15.6-hotspot\bin\sunmscapi.dll
0x00007ff9de980000 - 0x00007ff9deaf7000 	C:\WINDOWS\System32\CRYPT32.dll
0x00007ff9dd640000 - 0x00007ff9dd670000 	C:\WINDOWS\SYSTEM32\ncrypt.dll
0x00007ff9dd5f0000 - 0x00007ff9dd62f000 	C:\WINDOWS\SYSTEM32\NTASN1.dll
0x00007ff9d8e30000 - 0x00007ff9d8e38000 	C:\WINDOWS\system32\wshunix.dll

dbghelp: loaded successfully - version: 4.0.5 - missing functions: none
symbol engine: initialized successfully - sym options: 0x614 - pdb path: .;C:\Program Files\Eclipse Adoptium\jdk-17.0.15.6-hotspot\bin;C:\WINDOWS\SYSTEM32;C:\WINDOWS\WinSxS\amd64_microsoft.windows.common-controls_6595b64144ccf1df_6.0.26100.7309_none_3e05feeae336a044;D:\360TotalSecurity\360\Total Security\safemon;C:\Program Files\Eclipse Adoptium\jdk-17.0.15.6-hotspot\bin\server;C:\Users\TG\.gradle\native\1def1411415f61bf3af743bc5b6707747c0891f09f0c88961ee8f79bc544acac\windows-amd64;C:\Users\TG\.gradle\native\0.2.7\x86_64-windows-gnu

VM Arguments:
jvm_args: --add-opens=java.base/java.lang=ALL-UNNAMED --add-opens=java.base/java.lang.invoke=ALL-UNNAMED --add-opens=java.base/java.util=ALL-UNNAMED --add-opens=java.prefs/java.util.prefs=ALL-UNNAMED --add-exports=jdk.compiler/com.sun.tools.javac.api=ALL-UNNAMED --add-exports=jdk.compiler/com.sun.tools.javac.util=ALL-UNNAMED --add-opens=java.base/java.util=ALL-UNNAMED --add-opens=java.prefs/java.util.prefs=ALL-UNNAMED --add-opens=java.base/java.nio.charset=ALL-UNNAMED --add-opens=java.base/java.net=ALL-UNNAMED --add-opens=java.base/java.util.concurrent.atomic=ALL-UNNAMED --add-opens=java.xml/javax.xml.namespace=ALL-UNNAMED -Xmx2048m -Dfile.encoding=UTF-8 -Duser.country=US -Duser.language=en -Duser.variant -javaagent:C:\Users\TG\.gradle\wrapper\dists\gradle-8.13-bin\5xuhj0ry160q40clulazy9h7d\gradle-8.13\lib\agents\gradle-instrumentation-agent-8.13.jar 
java_command: org.gradle.launcher.daemon.bootstrap.GradleDaemon 8.13
java_class_path (initial): C:\Users\TG\.gradle\wrapper\dists\gradle-8.13-bin\5xuhj0ry160q40clulazy9h7d\gradle-8.13\lib\gradle-daemon-main-8.13.jar
Launcher Type: SUN_STANDARD

[Global flags]
     intx CICompilerCount                          = 12                                        {product} {ergonomic}
     uint ConcGCThreads                            = 3                                         {product} {ergonomic}
     uint G1ConcRefinementThreads                  = 13                                        {product} {ergonomic}
   size_t G1HeapRegionSize                         = 1048576                                   {product} {ergonomic}
    uintx GCDrainStackTargetSize                   = 64                                        {product} {ergonomic}
   size_t InitialHeapSize                          = 257949696                                 {product} {ergonomic}
   size_t MarkStackSize                            = 4194304                                   {product} {ergonomic}
   size_t MaxHeapSize                              = 2147483648                                {product} {command line}
   size_t MaxNewSize                               = 1287651328                                {product} {ergonomic}
   size_t MinHeapDeltaBytes                        = 1048576                                   {product} {ergonomic}
   size_t MinHeapSize                              = 8388608                                   {product} {ergonomic}
    uintx NonNMethodCodeHeapSize                   = 7602480                                {pd product} {ergonomic}
    uintx NonProfiledCodeHeapSize                  = 122027880                              {pd product} {ergonomic}
    uintx ProfiledCodeHeapSize                     = 122027880                              {pd product} {ergonomic}
    uintx ReservedCodeCacheSize                    = 251658240                              {pd product} {ergonomic}
     bool SegmentedCodeCache                       = true                                      {product} {ergonomic}
   size_t SoftMaxHeapSize                          = 2147483648                             {manageable} {ergonomic}
     bool UseCompressedClassPointers               = true                           {product lp64_product} {ergonomic}
     bool UseCompressedOops                        = true                           {product lp64_product} {ergonomic}
     bool UseG1GC                                  = true                                      {product} {ergonomic}
     bool UseLargePagesIndividualAllocation        = false                                  {pd product} {ergonomic}

Logging:
Log output configuration:
 #0: stdout all=warning uptime,level,tags
 #1: stderr all=off uptime,level,tags

Environment Variables:
PATH=C:\Program Files\Eclipse Adoptium\jdk-17.0.15.6-hotspot\bin;C:\Program Files\Common Files\Oracle\Java\javapath;C:\WINDOWS\system32;C:\WINDOWS;C:\WINDOWS\System32\Wbem;C:\WINDOWS\System32\WindowsPowerShell\v1.0\;C:\WINDOWS\System32\OpenSSH\;C:\Program Files\Docker\Docker\resources\bin;D:\Git\cmd;C:\Users\TG\AppData\Local\nvm;C:\nvm4w\nodejs;C:\Program Files\Microsoft SQL Server\150\Tools\Binn\;C:\Program Files\Microsoft SQL Server\Client SDK\ODBC\170\Tools\Binn\;C:\Program Files\dotnet\;C:\Program Files (x86)\Windows Kits\10\Windows Performance Toolkit\;C:\Program Files\Go\bin;C:\Program Files (x86)\Microsoft SQL Server\160\Tools\Binn\;C:\Program Files\Microsoft SQL Server\160\Tools\Binn\;C:\Program Files\Microsoft SQL Server\160\DTS\Binn\;C:\Program Files (x86)\Microsoft SQL Server\160\DTS\Binn\;C:\Program Files\Java\jdk-24\bin;C:\Program Files\Eclipse Adoptium\jdk-17.0.15.6-hotspot\bin;D:\DownLoad\httpd-2.4.64-250710-win64-VS17\Apache24\bin;d:\cursor\resources\app\codeBin;C:\Program Files\MySQL\MySQL Shell 8.0\bin\;C:\Users\TG\AppData\Local\Programs\Python\Python39\Scripts\;C:\Users\TG\AppData\Local\Programs\Python\Python39\;C:\Users\TG\AppData\Local\Microsoft\WindowsApps;C:\Users\TG\AppData\Local\Programs\Microsoft VS Code\bin;C:\Users\TG\AppData\Local\nvm;C:\nvm4w\nodejs;C:\Users\TG\.dotnet\tools;C:\Users\TG\go\bin;C:\Program Files\Go;D:\flutter\bin;C:\Users\TG\AppData\Local\Android\Sdk\platform-tools;C:\Users\TG\AppData\Local\Android\Sdk;C:\msys64\ucrt64\bin;D:\antigravity\Antigravity\bin
USERNAME=TG
OS=Windows_NT
PROCESSOR_IDENTIFIER=AMD64 Family 23 Model 104 Stepping 1, AuthenticAMD
TMP=C:\Users\TG\AppData\Local\Temp
TEMP=C:\Users\TG\AppData\Local\Temp



Periodic native trim disabled


---------------  S Y S T E M  ---------------

OS:
 Windows 11 , 64 bit Build 26100 (10.0.26100.7309)
OS uptime: 0 days 4:20 hours
Hyper-V role detected

CPU: total 16 (initial active 16) (16 cores per cpu, 2 threads per core) family 23 model 104 stepping 1 microcode 0x8608103, cx8, cmov, fxsr, ht, mmx, 3dnowpref, sse, sse2, sse3, ssse3, sse4a, sse4.1, sse4.2, popcnt, lzcnt, tsc, tscinvbit, avx, avx2, aes, clmul, bmi1, bmi2, adx, sha, fma, vzeroupper, clflush, clflushopt, hv
Processor Information for all 16 processors :
  Max Mhz: 1801, Current Mhz: 1801, Mhz Limit: 1801

Memory: 4k page, system-wide physical 15733M (864M free)
TotalPageFile size 42138M (AvailPageFile size 27M)
current process WorkingSet (physical memory assigned to process): 182M, peak: 184M
current process commit charge ("private bytes"): 414M, peak: 416M

vm_info: OpenJDK 64-Bit Server VM (17.0.15+6) for windows-amd64 JRE (17.0.15+6), built on Apr 15 2025 21:25:47 by "admin" with MS VC++ 17.7 (VS2022)

END.
